---------------------------------------------------------------
[ 2017-11-18T13:07:22+08:00 ] 0.0.0.0 ::1 GET /
[ info ] localhost/ [运行时间：0.060845s][吞吐率：16.44req/s] [内存消耗：1,886.49kb] [文件加载：45]
[ info ] [ LANG ] E:\test\blog\thinkphp\lang\zh-cn.php
[ info ] [ ROUTE ] array (
  'type' => 'module',
  'module' => 
  array (
    0 => '',
    1 => NULL,
    2 => NULL,
  ),
)
[ info ] [ HEADER ] array (
  'host' => 'localhost',
  'connection' => 'keep-alive',
  'cache-control' => 'max-age=0',
  'upgrade-insecure-requests' => '1',
  'user-agent' => 'Mozilla/5.0 (Windows NT 10.0; Win64; x64) AppleWebKit/537.36 (KHTML, like Gecko) Chrome/61.0.3163.100 Safari/537.36',
  'accept' => 'text/html,application/xhtml+xml,application/xml;q=0.9,image/webp,image/apng,*/*;q=0.8',
  'dnt' => '1',
  'accept-encoding' => 'gzip, deflate, br',
  'accept-language' => 'zh-CN,zh;q=0.8',
  'cookie' => 'pgv_pvi=5444240384; BJYSESSION=eou7fcavugt56mrk62lvrf6u04; PHPSESSID=bn14m83i8iuptuo5uq0u2ival5; read=think%3A%7B%2217%22%3A%221510451420%22%7D',
)
[ info ] [ PARAM ] array (
)
[ info ] [ RUN ] app\index\controller\IndexController->index[ E:\test\blog\application\index\controller\IndexController.php ]
[ info ] [ SESSION ] INIT array (
  'id' => '',
  'var_session_id' => '',
  'prefix' => 'blog_',
  'type' => '',
  'auto_start' => true,
  'expire' => 1296000,
  'use_trans_sid' => 1,
)
[ info ] [ VIEW ] E:\test\blog\public/../application/index\view\Index\index.html [ array (
) ]
[ info ] [ LOG ] INIT File
---------------------------------------------------------------
[ 2017-11-18T13:07:31+08:00 ] 0.0.0.0 ::1 GET /index/Register/register
[ info ] localhost/index/Register/register [运行时间：0.043295s][吞吐率：23.10req/s] [内存消耗：2,927.55kb] [文件加载：53]
[ info ] [ LANG ] E:\test\blog\thinkphp\lang\zh-cn.php
[ info ] [ ROUTE ] array (
  'type' => 'module',
  'module' => 
  array (
    0 => 'index',
    1 => 'Register',
    2 => 'register',
  ),
)
[ info ] [ HEADER ] array (
  'host' => 'localhost',
  'connection' => 'keep-alive',
  'upgrade-insecure-requests' => '1',
  'user-agent' => 'Mozilla/5.0 (Windows NT 10.0; Win64; x64) AppleWebKit/537.36 (KHTML, like Gecko) Chrome/61.0.3163.100 Safari/537.36',
  'accept' => 'text/html,application/xhtml+xml,application/xml;q=0.9,image/webp,image/apng,*/*;q=0.8',
  'dnt' => '1',
  'referer' => 'http://localhost/',
  'accept-encoding' => 'gzip, deflate, br',
  'accept-language' => 'zh-CN,zh;q=0.8',
  'cookie' => 'pgv_pvi=5444240384; Phpstorm-19bd4bd9=4f7722b3-e665-4954-a188-10483335f4ff; BJYSESSION=eou7fcavugt56mrk62lvrf6u04; PHPSESSID=bn14m83i8iuptuo5uq0u2ival5; read=think%3A%7B%2217%22%3A%221510451420%22%7D',
)
[ info ] [ PARAM ] array (
)
[ info ] [ RUN ] app\index\controller\RegisterController->register[ E:\test\blog\application\index\controller\RegisterController.php ]
[ info ] [ DB ] INIT mysql
[ info ] [ VIEW ] E:\test\blog\public/../application/index\view\index\Register.html [ array (
) ]
[ info ] [ LOG ] INIT File
---------------------------------------------------------------
[ 2017-11-18T13:07:32+08:00 ] 0.0.0.0 ::1 GET /index
[ info ] localhost/index [运行时间：0.022893s][吞吐率：43.68req/s] [内存消耗：1,886.53kb] [文件加载：45]
[ info ] [ LANG ] E:\test\blog\thinkphp\lang\zh-cn.php
[ info ] [ ROUTE ] array (
  'type' => 'module',
  'module' => 
  array (
    0 => 'index',
    1 => NULL,
    2 => NULL,
  ),
)
[ info ] [ HEADER ] array (
  'host' => 'localhost',
  'connection' => 'keep-alive',
  'upgrade-insecure-requests' => '1',
  'user-agent' => 'Mozilla/5.0 (Windows NT 10.0; Win64; x64) AppleWebKit/537.36 (KHTML, like Gecko) Chrome/61.0.3163.100 Safari/537.36',
  'accept' => 'text/html,application/xhtml+xml,application/xml;q=0.9,image/webp,image/apng,*/*;q=0.8',
  'dnt' => '1',
  'referer' => 'http://localhost/index/Register/register',
  'accept-encoding' => 'gzip, deflate, br',
  'accept-language' => 'zh-CN,zh;q=0.8',
  'cookie' => 'pgv_pvi=5444240384; Phpstorm-19bd4bd9=4f7722b3-e665-4954-a188-10483335f4ff; BJYSESSION=eou7fcavugt56mrk62lvrf6u04; PHPSESSID=bn14m83i8iuptuo5uq0u2ival5; read=think%3A%7B%2217%22%3A%221510451420%22%7D',
)
[ info ] [ PARAM ] array (
)
[ info ] [ RUN ] app\index\controller\IndexController->index[ E:\test\blog\application\index\controller\IndexController.php ]
[ info ] [ SESSION ] INIT array (
  'id' => '',
  'var_session_id' => '',
  'prefix' => 'blog_',
  'type' => '',
  'auto_start' => true,
  'expire' => 1296000,
  'use_trans_sid' => 1,
)
[ info ] [ VIEW ] E:\test\blog\public/../application/index\view\Index\index.html [ array (
) ]
[ info ] [ LOG ] INIT File
---------------------------------------------------------------
[ 2017-11-18T13:07:33+08:00 ] 0.0.0.0 ::1 GET /index/Modify/modify
[ info ] localhost/index/Modify/modify [运行时间：0.026387s][吞吐率：37.90req/s] [内存消耗：1,889.41kb] [文件加载：45]
[ info ] [ LANG ] E:\test\blog\thinkphp\lang\zh-cn.php
[ info ] [ ROUTE ] array (
  'type' => 'module',
  'module' => 
  array (
    0 => 'index',
    1 => 'Modify',
    2 => 'modify',
  ),
)
[ info ] [ HEADER ] array (
  'host' => 'localhost',
  'connection' => 'keep-alive',
  'upgrade-insecure-requests' => '1',
  'user-agent' => 'Mozilla/5.0 (Windows NT 10.0; Win64; x64) AppleWebKit/537.36 (KHTML, like Gecko) Chrome/61.0.3163.100 Safari/537.36',
  'accept' => 'text/html,application/xhtml+xml,application/xml;q=0.9,image/webp,image/apng,*/*;q=0.8',
  'dnt' => '1',
  'referer' => 'http://localhost/index',
  'accept-encoding' => 'gzip, deflate, br',
  'accept-language' => 'zh-CN,zh;q=0.8',
  'cookie' => 'pgv_pvi=5444240384; Phpstorm-19bd4bd9=4f7722b3-e665-4954-a188-10483335f4ff; BJYSESSION=eou7fcavugt56mrk62lvrf6u04; PHPSESSID=bn14m83i8iuptuo5uq0u2ival5; read=think%3A%7B%2217%22%3A%221510451420%22%7D',
)
[ info ] [ PARAM ] array (
)
[ info ] [ RUN ] app\index\controller\ModifyController->Modify[ E:\test\blog\application\index\controller\ModifyController.php ]
[ info ] [ VIEW ] E:\test\blog\public/../application/index\view\index\modify.html [ array (
) ]
[ info ] [ LOG ] INIT File
---------------------------------------------------------------
[ 2017-11-18T13:07:36+08:00 ] 0.0.0.0 ::1 GET /index
[ info ] localhost/index [运行时间：0.023825s][吞吐率：41.97req/s] [内存消耗：1,886.52kb] [文件加载：45]
[ info ] [ LANG ] E:\test\blog\thinkphp\lang\zh-cn.php
[ info ] [ ROUTE ] array (
  'type' => 'module',
  'module' => 
  array (
    0 => 'index',
    1 => NULL,
    2 => NULL,
  ),
)
[ info ] [ HEADER ] array (
  'host' => 'localhost',
  'connection' => 'keep-alive',
  'upgrade-insecure-requests' => '1',
  'user-agent' => 'Mozilla/5.0 (Windows NT 10.0; Win64; x64) AppleWebKit/537.36 (KHTML, like Gecko) Chrome/61.0.3163.100 Safari/537.36',
  'accept' => 'text/html,application/xhtml+xml,application/xml;q=0.9,image/webp,image/apng,*/*;q=0.8',
  'dnt' => '1',
  'referer' => 'http://localhost/index/Modify/modify',
  'accept-encoding' => 'gzip, deflate, br',
  'accept-language' => 'zh-CN,zh;q=0.8',
  'cookie' => 'pgv_pvi=5444240384; Phpstorm-19bd4bd9=4f7722b3-e665-4954-a188-10483335f4ff; BJYSESSION=eou7fcavugt56mrk62lvrf6u04; PHPSESSID=bn14m83i8iuptuo5uq0u2ival5; read=think%3A%7B%2217%22%3A%221510451420%22%7D',
)
[ info ] [ PARAM ] array (
)
[ info ] [ RUN ] app\index\controller\IndexController->index[ E:\test\blog\application\index\controller\IndexController.php ]
[ info ] [ SESSION ] INIT array (
  'id' => '',
  'var_session_id' => '',
  'prefix' => 'blog_',
  'type' => '',
  'auto_start' => true,
  'expire' => 1296000,
  'use_trans_sid' => 1,
)
[ info ] [ VIEW ] E:\test\blog\public/../application/index\view\Index\index.html [ array (
) ]
[ info ] [ LOG ] INIT File
---------------------------------------------------------------
[ 2017-11-18T13:07:41+08:00 ] 0.0.0.0 ::1 POST /index/Login/login
[ info ] localhost/index/Login/login [运行时间：0.056544s][吞吐率：17.69req/s] [内存消耗：3,051.12kb] [文件加载：55]
[ info ] [ LANG ] E:\test\blog\thinkphp\lang\zh-cn.php
[ info ] [ ROUTE ] array (
  'type' => 'module',
  'module' => 
  array (
    0 => 'index',
    1 => 'Login',
    2 => 'login',
  ),
)
[ info ] [ HEADER ] array (
  'host' => 'localhost',
  'connection' => 'keep-alive',
  'content-length' => '32',
  'cache-control' => 'max-age=0',
  'origin' => 'http://localhost',
  'upgrade-insecure-requests' => '1',
  'content-type' => 'application/x-www-form-urlencoded',
  'user-agent' => 'Mozilla/5.0 (Windows NT 10.0; Win64; x64) AppleWebKit/537.36 (KHTML, like Gecko) Chrome/61.0.3163.100 Safari/537.36',
  'accept' => 'text/html,application/xhtml+xml,application/xml;q=0.9,image/webp,image/apng,*/*;q=0.8',
  'dnt' => '1',
  'referer' => 'http://localhost/index',
  'accept-encoding' => 'gzip, deflate, br',
  'accept-language' => 'zh-CN,zh;q=0.8',
  'cookie' => 'pgv_pvi=5444240384; Phpstorm-19bd4bd9=4f7722b3-e665-4954-a188-10483335f4ff; BJYSESSION=eou7fcavugt56mrk62lvrf6u04; PHPSESSID=bn14m83i8iuptuo5uq0u2ival5; read=think%3A%7B%2217%22%3A%221510451420%22%7D',
)
[ info ] [ PARAM ] array (
  'UserName' => 'admin',
  'Password' => 'admin123',
)
[ info ] [ RUN ] app\index\controller\LoginController->login[ E:\test\blog\application\index\controller\LoginController.php ]
[ info ] [ SESSION ] INIT array (
  'id' => '',
  'var_session_id' => '',
  'prefix' => 'blog_',
  'type' => '',
  'auto_start' => true,
  'expire' => 1296000,
  'use_trans_sid' => 1,
)
[ info ] [ DB ] INIT mysql
[ info ] [ LOG ] INIT File
[ sql ] [ DB ] CONNECT:[ UseTime:0.005512s ] mysql:host=127.0.0.1;dbname=blog;charset=utf8
[ sql ] [ SQL ] SHOW COLUMNS FROM `blog_user` [ RunTime:0.007996s ]
[ sql ] [ SQL ] SELECT * FROM `blog_user` WHERE  `user_name` = 'admin' LIMIT 1 [ RunTime:0.001049s ]
[ sql ] [ SQL ] SELECT * FROM `blog_user` WHERE  `user_name` = 'admin' LIMIT 1 [ RunTime:0.000801s ]
---------------------------------------------------------------
[ 2017-11-18T13:07:41+08:00 ] 0.0.0.0 ::1 GET /admin_user_change
[ info ] localhost/admin_user_change [运行时间：0.036918s][吞吐率：27.09req/s] [内存消耗：3,084.23kb] [文件加载：54]
[ info ] [ LANG ] E:\test\blog\thinkphp\lang\zh-cn.php
[ info ] [ ROUTE ] array (
  'type' => 'module',
  'module' => 
  array (
    0 => 'admin',
    1 => 'Index',
    2 => 'admin_user_change',
  ),
  'convert' => false,
)
[ info ] [ HEADER ] array (
  'host' => 'localhost',
  'connection' => 'keep-alive',
  'cache-control' => 'max-age=0',
  'upgrade-insecure-requests' => '1',
  'user-agent' => 'Mozilla/5.0 (Windows NT 10.0; Win64; x64) AppleWebKit/537.36 (KHTML, like Gecko) Chrome/61.0.3163.100 Safari/537.36',
  'accept' => 'text/html,application/xhtml+xml,application/xml;q=0.9,image/webp,image/apng,*/*;q=0.8',
  'dnt' => '1',
  'referer' => 'http://localhost/index',
  'accept-encoding' => 'gzip, deflate, br',
  'accept-language' => 'zh-CN,zh;q=0.8',
  'cookie' => 'pgv_pvi=5444240384; Phpstorm-19bd4bd9=4f7722b3-e665-4954-a188-10483335f4ff; BJYSESSION=eou7fcavugt56mrk62lvrf6u04; PHPSESSID=bn14m83i8iuptuo5uq0u2ival5; read=think%3A%7B%2217%22%3A%221510451420%22%7D',
)
[ info ] [ PARAM ] array (
  'mode' => NULL,
  'uid' => NULL,
)
[ info ] [ RUN ] app\admin\Controller\IndexController->admin_user_change[ E:\test\blog\application\admin\Controller\IndexController.php ]
[ info ] [ SESSION ] INIT array (
  'id' => '',
  'var_session_id' => '',
  'prefix' => 'blog_',
  'type' => '',
  'auto_start' => true,
  'expire' => 1296000,
  'use_trans_sid' => 1,
)
[ info ] [ DB ] INIT mysql
[ info ] [ VIEW ] E:\test\blog\public/../application/admin\view\index\user_change.html [ array (
  0 => 'all_user',
) ]
[ info ] [ LOG ] INIT File
[ sql ] [ DB ] CONNECT:[ UseTime:0.001631s ] mysql:host=127.0.0.1;dbname=blog;charset=utf8
[ sql ] [ SQL ] SHOW COLUMNS FROM `blog_user` [ RunTime:0.001608s ]
[ sql ] [ SQL ] SELECT * FROM `blog_user` [ RunTime:0.000888s ]
---------------------------------------------------------------
[ 2017-11-18T13:07:43+08:00 ] 0.0.0.0 ::1 GET /admin_message_delete
[ info ] localhost/admin_message_delete [运行时间：0.046507s][吞吐率：21.50req/s] [内存消耗：3,133.09kb] [文件加载：55]
[ info ] [ LANG ] E:\test\blog\thinkphp\lang\zh-cn.php
[ info ] [ ROUTE ] array (
  'type' => 'module',
  'module' => 
  array (
    0 => 'admin',
    1 => 'Index',
    2 => 'admin_message_delete',
  ),
  'convert' => false,
)
[ info ] [ HEADER ] array (
  'host' => 'localhost',
  'connection' => 'keep-alive',
  'upgrade-insecure-requests' => '1',
  'user-agent' => 'Mozilla/5.0 (Windows NT 10.0; Win64; x64) AppleWebKit/537.36 (KHTML, like Gecko) Chrome/61.0.3163.100 Safari/537.36',
  'accept' => 'text/html,application/xhtml+xml,application/xml;q=0.9,image/webp,image/apng,*/*;q=0.8',
  'dnt' => '1',
  'referer' => 'http://localhost/admin_user_change',
  'accept-encoding' => 'gzip, deflate, br',
  'accept-language' => 'zh-CN,zh;q=0.8',
  'cookie' => 'pgv_pvi=5444240384; Phpstorm-19bd4bd9=4f7722b3-e665-4954-a188-10483335f4ff; BJYSESSION=eou7fcavugt56mrk62lvrf6u04; PHPSESSID=bn14m83i8iuptuo5uq0u2ival5; read=think%3A%7B%2217%22%3A%221510451420%22%7D',
)
[ info ] [ PARAM ] array (
  'mid' => NULL,
)
[ info ] [ RUN ] app\admin\Controller\IndexController->admin_message_delete[ E:\test\blog\application\admin\Controller\IndexController.php ]
[ info ] [ SESSION ] INIT array (
  'id' => '',
  'var_session_id' => '',
  'prefix' => 'blog_',
  'type' => '',
  'auto_start' => true,
  'expire' => 1296000,
  'use_trans_sid' => 1,
)
[ info ] [ DB ] INIT mysql
[ info ] [ VIEW ] E:\test\blog\public/../application/admin\view\index\message_delete.html [ array (
  0 => 'text',
  1 => 'user',
) ]
[ info ] [ LOG ] INIT File
[ sql ] [ DB ] CONNECT:[ UseTime:0.001546s ] mysql:host=127.0.0.1;dbname=blog;charset=utf8
[ sql ] [ SQL ] SHOW COLUMNS FROM `blog_user` [ RunTime:0.001610s ]
[ sql ] [ SQL ] SELECT * FROM `blog_user` [ RunTime:0.000818s ]
[ sql ] [ SQL ] SHOW COLUMNS FROM `blog_message` [ RunTime:0.002983s ]
[ sql ] [ SQL ] SELECT * FROM `blog_message` ORDER BY `create_time` [ RunTime:0.000921s ]
---------------------------------------------------------------
[ 2017-11-18T13:07:45+08:00 ] 0.0.0.0 ::1 GET /admin_logout
[ info ] localhost/admin_logout [运行时间：0.025807s][吞吐率：38.75req/s] [内存消耗：1,915.13kb] [文件加载：46]
[ info ] [ LANG ] E:\test\blog\thinkphp\lang\zh-cn.php
[ info ] [ ROUTE ] array (
  'type' => 'module',
  'module' => 
  array (
    0 => 'admin',
    1 => 'Index',
    2 => 'admin_logout',
  ),
  'convert' => false,
)
[ info ] [ HEADER ] array (
  'host' => 'localhost',
  'connection' => 'keep-alive',
  'upgrade-insecure-requests' => '1',
  'user-agent' => 'Mozilla/5.0 (Windows NT 10.0; Win64; x64) AppleWebKit/537.36 (KHTML, like Gecko) Chrome/61.0.3163.100 Safari/537.36',
  'accept' => 'text/html,application/xhtml+xml,application/xml;q=0.9,image/webp,image/apng,*/*;q=0.8',
  'dnt' => '1',
  'referer' => 'http://localhost/admin_message_delete',
  'accept-encoding' => 'gzip, deflate, br',
  'accept-language' => 'zh-CN,zh;q=0.8',
  'cookie' => 'pgv_pvi=5444240384; Phpstorm-19bd4bd9=4f7722b3-e665-4954-a188-10483335f4ff; BJYSESSION=eou7fcavugt56mrk62lvrf6u04; PHPSESSID=bn14m83i8iuptuo5uq0u2ival5; read=think%3A%7B%2217%22%3A%221510451420%22%7D',
)
[ info ] [ PARAM ] array (
)
[ info ] [ RUN ] app\admin\Controller\IndexController->admin_logout[ E:\test\blog\application\admin\Controller\IndexController.php ]
[ info ] [ SESSION ] INIT array (
  'id' => '',
  'var_session_id' => '',
  'prefix' => 'blog_',
  'type' => '',
  'auto_start' => true,
  'expire' => 1296000,
  'use_trans_sid' => 1,
)
[ info ] [ VIEW ] E:\test\blog\thinkphp\tpl\dispatch_jump.tpl [ array (
  0 => 'code',
  1 => 'msg',
  2 => 'data',
  3 => 'url',
  4 => 'wait',
) ]
[ info ] [ LOG ] INIT File
---------------------------------------------------------------
[ 2017-11-18T13:07:47+08:00 ] 0.0.0.0 ::1 GET /index
[ info ] localhost/index [运行时间：0.028878s][吞吐率：34.63req/s] [内存消耗：1,887.30kb] [文件加载：45]
[ info ] [ LANG ] E:\test\blog\thinkphp\lang\zh-cn.php
[ info ] [ ROUTE ] array (
  'type' => 'module',
  'module' => 
  array (
    0 => 'index',
    1 => NULL,
    2 => NULL,
  ),
)
[ info ] [ HEADER ] array (
  'host' => 'localhost',
  'connection' => 'keep-alive',
  'upgrade-insecure-requests' => '1',
  'user-agent' => 'Mozilla/5.0 (Windows NT 10.0; Win64; x64) AppleWebKit/537.36 (KHTML, like Gecko) Chrome/61.0.3163.100 Safari/537.36',
  'accept' => 'text/html,application/xhtml+xml,application/xml;q=0.9,image/webp,image/apng,*/*;q=0.8',
  'dnt' => '1',
  'referer' => 'http://localhost/admin_logout',
  'accept-encoding' => 'gzip, deflate, br',
  'accept-language' => 'zh-CN,zh;q=0.8',
  'cookie' => 'pgv_pvi=5444240384; Phpstorm-19bd4bd9=4f7722b3-e665-4954-a188-10483335f4ff; BJYSESSION=eou7fcavugt56mrk62lvrf6u04; PHPSESSID=bn14m83i8iuptuo5uq0u2ival5; read=think%3A%7B%2217%22%3A%221510451420%22%7D',
)
[ info ] [ PARAM ] array (
)
[ info ] [ RUN ] app\index\controller\IndexController->index[ E:\test\blog\application\index\controller\IndexController.php ]
[ info ] [ SESSION ] INIT array (
  'id' => '',
  'var_session_id' => '',
  'prefix' => 'blog_',
  'type' => '',
  'auto_start' => true,
  'expire' => 1296000,
  'use_trans_sid' => 1,
)
[ info ] [ VIEW ] E:\test\blog\public/../application/index\view\Index\index.html [ array (
) ]
[ info ] [ LOG ] INIT File
---------------------------------------------------------------
[ 2017-11-18T13:07:51+08:00 ] 0.0.0.0 ::1 POST /index/Login/login
[ info ] localhost/index/Login/login [运行时间：0.041337s][吞吐率：24.19req/s] [内存消耗：3,051.20kb] [文件加载：55]
[ info ] [ LANG ] E:\test\blog\thinkphp\lang\zh-cn.php
[ info ] [ ROUTE ] array (
  'type' => 'module',
  'module' => 
  array (
    0 => 'index',
    1 => 'Login',
    2 => 'login',
  ),
)
[ info ] [ HEADER ] array (
  'host' => 'localhost',
  'connection' => 'keep-alive',
  'content-length' => '32',
  'cache-control' => 'max-age=0',
  'origin' => 'http://localhost',
  'upgrade-insecure-requests' => '1',
  'content-type' => 'application/x-www-form-urlencoded',
  'user-agent' => 'Mozilla/5.0 (Windows NT 10.0; Win64; x64) AppleWebKit/537.36 (KHTML, like Gecko) Chrome/61.0.3163.100 Safari/537.36',
  'accept' => 'text/html,application/xhtml+xml,application/xml;q=0.9,image/webp,image/apng,*/*;q=0.8',
  'dnt' => '1',
  'referer' => 'http://localhost/index',
  'accept-encoding' => 'gzip, deflate, br',
  'accept-language' => 'zh-CN,zh;q=0.8',
  'cookie' => 'pgv_pvi=5444240384; Phpstorm-19bd4bd9=4f7722b3-e665-4954-a188-10483335f4ff; BJYSESSION=eou7fcavugt56mrk62lvrf6u04; PHPSESSID=bn14m83i8iuptuo5uq0u2ival5; read=think%3A%7B%2217%22%3A%221510451420%22%7D',
)
[ info ] [ PARAM ] array (
  'UserName' => 'admin',
  'Password' => 'admin123',
)
[ info ] [ RUN ] app\index\controller\LoginController->login[ E:\test\blog\application\index\controller\LoginController.php ]
[ info ] [ SESSION ] INIT array (
  'id' => '',
  'var_session_id' => '',
  'prefix' => 'blog_',
  'type' => '',
  'auto_start' => true,
  'expire' => 1296000,
  'use_trans_sid' => 1,
)
[ info ] [ DB ] INIT mysql
[ info ] [ LOG ] INIT File
[ sql ] [ DB ] CONNECT:[ UseTime:0.001603s ] mysql:host=127.0.0.1;dbname=blog;charset=utf8
[ sql ] [ SQL ] SHOW COLUMNS FROM `blog_user` [ RunTime:0.001751s ]
[ sql ] [ SQL ] SELECT * FROM `blog_user` WHERE  `user_name` = 'admin' LIMIT 1 [ RunTime:0.000856s ]
[ sql ] [ SQL ] SELECT * FROM `blog_user` WHERE  `user_name` = 'admin' LIMIT 1 [ RunTime:0.000736s ]
---------------------------------------------------------------
[ 2017-11-18T13:07:51+08:00 ] 0.0.0.0 ::1 GET /admin_user_change
[ info ] localhost/admin_user_change [运行时间：0.035857s][吞吐率：27.89req/s] [内存消耗：3,084.23kb] [文件加载：54]
[ info ] [ LANG ] E:\test\blog\thinkphp\lang\zh-cn.php
[ info ] [ ROUTE ] array (
  'type' => 'module',
  'module' => 
  array (
    0 => 'admin',
    1 => 'Index',
    2 => 'admin_user_change',
  ),
  'convert' => false,
)
[ info ] [ HEADER ] array (
  'host' => 'localhost',
  'connection' => 'keep-alive',
  'cache-control' => 'max-age=0',
  'upgrade-insecure-requests' => '1',
  'user-agent' => 'Mozilla/5.0 (Windows NT 10.0; Win64; x64) AppleWebKit/537.36 (KHTML, like Gecko) Chrome/61.0.3163.100 Safari/537.36',
  'accept' => 'text/html,application/xhtml+xml,application/xml;q=0.9,image/webp,image/apng,*/*;q=0.8',
  'dnt' => '1',
  'referer' => 'http://localhost/index',
  'accept-encoding' => 'gzip, deflate, br',
  'accept-language' => 'zh-CN,zh;q=0.8',
  'cookie' => 'pgv_pvi=5444240384; Phpstorm-19bd4bd9=4f7722b3-e665-4954-a188-10483335f4ff; BJYSESSION=eou7fcavugt56mrk62lvrf6u04; PHPSESSID=bn14m83i8iuptuo5uq0u2ival5; read=think%3A%7B%2217%22%3A%221510451420%22%7D',
)
[ info ] [ PARAM ] array (
  'mode' => NULL,
  'uid' => NULL,
)
[ info ] [ RUN ] app\admin\Controller\IndexController->admin_user_change[ E:\test\blog\application\admin\Controller\IndexController.php ]
[ info ] [ SESSION ] INIT array (
  'id' => '',
  'var_session_id' => '',
  'prefix' => 'blog_',
  'type' => '',
  'auto_start' => true,
  'expire' => 1296000,
  'use_trans_sid' => 1,
)
[ info ] [ DB ] INIT mysql
[ info ] [ VIEW ] E:\test\blog\public/../application/admin\view\index\user_change.html [ array (
  0 => 'all_user',
) ]
[ info ] [ LOG ] INIT File
[ sql ] [ DB ] CONNECT:[ UseTime:0.001660s ] mysql:host=127.0.0.1;dbname=blog;charset=utf8
[ sql ] [ SQL ] SHOW COLUMNS FROM `blog_user` [ RunTime:0.002102s ]
[ sql ] [ SQL ] SELECT * FROM `blog_user` [ RunTime:0.000875s ]
---------------------------------------------------------------
[ 2017-11-18T13:07:53+08:00 ] 0.0.0.0 ::1 GET /home
[ info ] localhost/home [运行时间：0.042821s][吞吐率：23.35req/s] [内存消耗：3,056.87kb] [文件加载：54]
[ info ] [ LANG ] E:\test\blog\thinkphp\lang\zh-cn.php
[ info ] [ ROUTE ] array (
  'type' => 'module',
  'module' => 
  array (
    0 => 'home',
    1 => 'Index',
    2 => 'index',
  ),
  'convert' => false,
)
[ info ] [ HEADER ] array (
  'host' => 'localhost',
  'connection' => 'keep-alive',
  'upgrade-insecure-requests' => '1',
  'user-agent' => 'Mozilla/5.0 (Windows NT 10.0; Win64; x64) AppleWebKit/537.36 (KHTML, like Gecko) Chrome/61.0.3163.100 Safari/537.36',
  'accept' => 'text/html,application/xhtml+xml,application/xml;q=0.9,image/webp,image/apng,*/*;q=0.8',
  'dnt' => '1',
  'referer' => 'http://localhost/admin_user_change',
  'accept-encoding' => 'gzip, deflate, br',
  'accept-language' => 'zh-CN,zh;q=0.8',
  'cookie' => 'pgv_pvi=5444240384; Phpstorm-19bd4bd9=4f7722b3-e665-4954-a188-10483335f4ff; BJYSESSION=eou7fcavugt56mrk62lvrf6u04; PHPSESSID=bn14m83i8iuptuo5uq0u2ival5; read=think%3A%7B%2217%22%3A%221510451420%22%7D',
)
[ info ] [ PARAM ] array (
)
[ info ] [ RUN ] app\home\Controller\IndexController->index[ E:\test\blog\application\home\controller\IndexController.php ]
[ info ] [ SESSION ] INIT array (
  'id' => '',
  'var_session_id' => '',
  'prefix' => 'blog_',
  'type' => '',
  'auto_start' => true,
  'expire' => 1296000,
  'use_trans_sid' => 1,
)
[ info ] [ DB ] INIT mysql
[ info ] [ VIEW ] E:\test\blog\public/../application/home\view\index\index.html [ array (
  0 => 'user',
  1 => 'text',
) ]
[ info ] [ LOG ] INIT File
[ sql ] [ DB ] CONNECT:[ UseTime:0.001545s ] mysql:host=127.0.0.1;dbname=blog;charset=utf8
[ sql ] [ SQL ] SHOW COLUMNS FROM `blog_user` [ RunTime:0.001444s ]
[ sql ] [ SQL ] SELECT * FROM `blog_user` WHERE  `uid` = 10024 LIMIT 1 [ RunTime:0.000892s ]
---------------------------------------------------------------
[ 2017-11-18T13:07:54+08:00 ] 0.0.0.0 ::1 GET /forum
[ info ] localhost/forum [运行时间：0.055467s][吞吐率：18.03req/s] [内存消耗：3,197.95kb] [文件加载：56]
[ info ] [ LANG ] E:\test\blog\thinkphp\lang\zh-cn.php
[ info ] [ ROUTE ] array (
  'type' => 'module',
  'module' => 
  array (
    0 => 'home',
    1 => 'Index',
    2 => 'forum',
  ),
  'convert' => false,
)
[ info ] [ HEADER ] array (
  'host' => 'localhost',
  'connection' => 'keep-alive',
  'upgrade-insecure-requests' => '1',
  'user-agent' => 'Mozilla/5.0 (Windows NT 10.0; Win64; x64) AppleWebKit/537.36 (KHTML, like Gecko) Chrome/61.0.3163.100 Safari/537.36',
  'accept' => 'text/html,application/xhtml+xml,application/xml;q=0.9,image/webp,image/apng,*/*;q=0.8',
  'dnt' => '1',
  'referer' => 'http://localhost/home',
  'accept-encoding' => 'gzip, deflate, br',
  'accept-language' => 'zh-CN,zh;q=0.8',
  'cookie' => 'pgv_pvi=5444240384; Phpstorm-19bd4bd9=4f7722b3-e665-4954-a188-10483335f4ff; BJYSESSION=eou7fcavugt56mrk62lvrf6u04; PHPSESSID=bn14m83i8iuptuo5uq0u2ival5; read=think%3A%7B%2217%22%3A%221510451420%22%7D',
)
[ info ] [ PARAM ] array (
)
[ info ] [ RUN ] app\home\Controller\IndexController->forum[ E:\test\blog\application\home\controller\IndexController.php ]
[ info ] [ DB ] INIT mysql
[ info ] [ VIEW ] E:\test\blog\public/../application/home\view\index\forum.html [ array (
  0 => 'text',
  1 => 'user',
  2 => 'comment',
) ]
[ info ] [ LOG ] INIT File
[ sql ] [ DB ] CONNECT:[ UseTime:0.001343s ] mysql:host=127.0.0.1;dbname=blog;charset=utf8
[ sql ] [ SQL ] SHOW COLUMNS FROM `blog_comment` [ RunTime:0.002507s ]
[ sql ] [ SQL ] SELECT * FROM `blog_comment` WHERE  `is_show` = 1 ORDER BY `create_time` [ RunTime:0.000947s ]
[ sql ] [ SQL ] SHOW COLUMNS FROM `blog_user` [ RunTime:0.001388s ]
[ sql ] [ SQL ] SELECT * FROM `blog_user` [ RunTime:0.000994s ]
[ sql ] [ SQL ] SHOW COLUMNS FROM `blog_message` [ RunTime:0.001432s ]
[ sql ] [ SQL ] SELECT * FROM `blog_message` WHERE  `is_show` <> 0 ORDER BY `create_time`  desc [ RunTime:0.000868s ]
---------------------------------------------------------------
[ 2017-11-18T13:08:09+08:00 ] 0.0.0.0 ::1 GET /logout
[ info ] localhost/logout [运行时间：0.025186s][吞吐率：39.70req/s] [内存消耗：1,909.27kb] [文件加载：46]
[ info ] [ LANG ] E:\test\blog\thinkphp\lang\zh-cn.php
[ info ] [ ROUTE ] array (
  'type' => 'module',
  'module' => 
  array (
    0 => 'home',
    1 => 'Index',
    2 => 'logout',
  ),
  'convert' => false,
)
[ info ] [ HEADER ] array (
  'host' => 'localhost',
  'connection' => 'keep-alive',
  'upgrade-insecure-requests' => '1',
  'user-agent' => 'Mozilla/5.0 (Windows NT 10.0; Win64; x64) AppleWebKit/537.36 (KHTML, like Gecko) Chrome/61.0.3163.100 Safari/537.36',
  'accept' => 'text/html,application/xhtml+xml,application/xml;q=0.9,image/webp,image/apng,*/*;q=0.8',
  'dnt' => '1',
  'referer' => 'http://localhost/forum',
  'accept-encoding' => 'gzip, deflate, br',
  'accept-language' => 'zh-CN,zh;q=0.8',
  'cookie' => 'pgv_pvi=5444240384; Phpstorm-19bd4bd9=4f7722b3-e665-4954-a188-10483335f4ff; BJYSESSION=eou7fcavugt56mrk62lvrf6u04; PHPSESSID=bn14m83i8iuptuo5uq0u2ival5; read=think%3A%7B%2217%22%3A%221510451420%22%7D',
)
[ info ] [ PARAM ] array (
)
[ info ] [ RUN ] app\home\Controller\IndexController->logout[ E:\test\blog\application\home\controller\IndexController.php ]
[ info ] [ SESSION ] INIT array (
  'id' => '',
  'var_session_id' => '',
  'prefix' => 'blog_',
  'type' => '',
  'auto_start' => true,
  'expire' => 1296000,
  'use_trans_sid' => 1,
)
[ info ] [ VIEW ] E:\test\blog\thinkphp\tpl\dispatch_jump.tpl [ array (
  0 => 'code',
  1 => 'msg',
  2 => 'data',
  3 => 'url',
  4 => 'wait',
) ]
[ info ] [ LOG ] INIT File
---------------------------------------------------------------
[ 2017-11-18T13:08:10+08:00 ] 0.0.0.0 ::1 GET /index
[ info ] localhost/index [运行时间：0.025125s][吞吐率：39.80req/s] [内存消耗：1,886.50kb] [文件加载：45]
[ info ] [ LANG ] E:\test\blog\thinkphp\lang\zh-cn.php
[ info ] [ ROUTE ] array (
  'type' => 'module',
  'module' => 
  array (
    0 => 'index',
    1 => NULL,
    2 => NULL,
  ),
)
[ info ] [ HEADER ] array (
  'host' => 'localhost',
  'connection' => 'keep-alive',
  'upgrade-insecure-requests' => '1',
  'user-agent' => 'Mozilla/5.0 (Windows NT 10.0; Win64; x64) AppleWebKit/537.36 (KHTML, like Gecko) Chrome/61.0.3163.100 Safari/537.36',
  'accept' => 'text/html,application/xhtml+xml,application/xml;q=0.9,image/webp,image/apng,*/*;q=0.8',
  'dnt' => '1',
  'referer' => 'http://localhost/logout',
  'accept-encoding' => 'gzip, deflate, br',
  'accept-language' => 'zh-CN,zh;q=0.8',
  'cookie' => 'pgv_pvi=5444240384; Phpstorm-19bd4bd9=4f7722b3-e665-4954-a188-10483335f4ff; BJYSESSION=eou7fcavugt56mrk62lvrf6u04; PHPSESSID=bn14m83i8iuptuo5uq0u2ival5; read=think%3A%7B%2217%22%3A%221510451420%22%7D',
)
[ info ] [ PARAM ] array (
)
[ info ] [ RUN ] app\index\controller\IndexController->index[ E:\test\blog\application\index\controller\IndexController.php ]
[ info ] [ SESSION ] INIT array (
  'id' => '',
  'var_session_id' => '',
  'prefix' => 'blog_',
  'type' => '',
  'auto_start' => true,
  'expire' => 1296000,
  'use_trans_sid' => 1,
)
[ info ] [ VIEW ] E:\test\blog\public/../application/index\view\Index\index.html [ array (
) ]
[ info ] [ LOG ] INIT File
---------------------------------------------------------------
[ 2017-11-18T16:20:05+08:00 ] 0.0.0.0 ::1 GET /
[ info ] localhost/ [运行时间：0.061190s][吞吐率：16.34req/s] [内存消耗：1,886.45kb] [文件加载：45]
[ info ] [ LANG ] E:\test\blog\thinkphp\lang\zh-cn.php
[ info ] [ ROUTE ] array (
  'type' => 'module',
  'module' => 
  array (
    0 => '',
    1 => NULL,
    2 => NULL,
  ),
)
[ info ] [ HEADER ] array (
  'host' => 'localhost',
  'connection' => 'keep-alive',
  'user-agent' => 'Mozilla/5.0 (Windows NT 10.0; Win64; x64) AppleWebKit/537.36 (KHTML, like Gecko) Chrome/61.0.3163.100 Safari/537.36',
  'upgrade-insecure-requests' => '1',
  'accept' => 'text/html,application/xhtml+xml,application/xml;q=0.9,image/webp,image/apng,*/*;q=0.8',
  'dnt' => '1',
  'accept-encoding' => 'gzip, deflate, br',
  'accept-language' => 'zh-CN,zh;q=0.8',
  'cookie' => 'pgv_pvi=5444240384; Phpstorm-19bd4bd9=4f7722b3-e665-4954-a188-10483335f4ff; BJYSESSION=eou7fcavugt56mrk62lvrf6u04; PHPSESSID=bn14m83i8iuptuo5uq0u2ival5; read=think%3A%7B%2217%22%3A%221510451420%22%7D',
)
[ info ] [ PARAM ] array (
)
[ info ] [ RUN ] app\index\controller\IndexController->index[ E:\test\blog\application\index\controller\IndexController.php ]
[ info ] [ SESSION ] INIT array (
  'id' => '',
  'var_session_id' => '',
  'prefix' => 'blog_',
  'type' => '',
  'auto_start' => true,
  'expire' => 1296000,
  'use_trans_sid' => 1,
)
[ info ] [ VIEW ] E:\test\blog\public/../application/index\view\Index\index.html [ array (
) ]
[ info ] [ LOG ] INIT File
---------------------------------------------------------------
[ 2017-11-18T18:51:49+08:00 ] 0.0.0.0 ::1 GET /
[ info ] localhost/ [运行时间：0.056907s][吞吐率：17.57req/s] [内存消耗：1,886.45kb] [文件加载：45]
[ info ] [ LANG ] E:\test\blog\thinkphp\lang\zh-cn.php
[ info ] [ ROUTE ] array (
  'type' => 'module',
  'module' => 
  array (
    0 => '',
    1 => NULL,
    2 => NULL,
  ),
)
[ info ] [ HEADER ] array (
  'host' => 'localhost',
  'connection' => 'keep-alive',
  'user-agent' => 'Mozilla/5.0 (Windows NT 10.0; Win64; x64) AppleWebKit/537.36 (KHTML, like Gecko) Chrome/61.0.3163.100 Safari/537.36',
  'upgrade-insecure-requests' => '1',
  'accept' => 'text/html,application/xhtml+xml,application/xml;q=0.9,image/webp,image/apng,*/*;q=0.8',
  'dnt' => '1',
  'accept-encoding' => 'gzip, deflate, br',
  'accept-language' => 'zh-CN,zh;q=0.8',
  'cookie' => 'pgv_pvi=5444240384; Phpstorm-19bd4bd9=4f7722b3-e665-4954-a188-10483335f4ff; BJYSESSION=eou7fcavugt56mrk62lvrf6u04; PHPSESSID=bn14m83i8iuptuo5uq0u2ival5; read=think%3A%7B%2217%22%3A%221510451420%22%7D',
)
[ info ] [ PARAM ] array (
)
[ info ] [ RUN ] app\index\controller\IndexController->index[ E:\test\blog\application\index\controller\IndexController.php ]
[ info ] [ SESSION ] INIT array (
  'id' => '',
  'var_session_id' => '',
  'prefix' => 'blog_',
  'type' => '',
  'auto_start' => true,
  'expire' => 1296000,
  'use_trans_sid' => 1,
)
[ info ] [ VIEW ] E:\test\blog\public/../application/index\view\Index\index.html [ array (
) ]
[ info ] [ LOG ] INIT File
---------------------------------------------------------------
[ 2017-11-18T18:51:59+08:00 ] 0.0.0.0 ::1 POST /index/Login/login
[ info ] localhost/index/Login/login [运行时间：0.052402s][吞吐率：19.08req/s] [内存消耗：3,042.06kb] [文件加载：55]
[ info ] [ LANG ] E:\test\blog\thinkphp\lang\zh-cn.php
[ info ] [ ROUTE ] array (
  'type' => 'module',
  'module' => 
  array (
    0 => 'index',
    1 => 'Login',
    2 => 'login',
  ),
)
[ info ] [ HEADER ] array (
  'host' => 'localhost',
  'connection' => 'keep-alive',
  'content-length' => '38',
  'cache-control' => 'max-age=0',
  'origin' => 'http://localhost',
  'upgrade-insecure-requests' => '1',
  'content-type' => 'application/x-www-form-urlencoded',
  'user-agent' => 'Mozilla/5.0 (Windows NT 10.0; Win64; x64) AppleWebKit/537.36 (KHTML, like Gecko) Chrome/61.0.3163.100 Safari/537.36',
  'accept' => 'text/html,application/xhtml+xml,application/xml;q=0.9,image/webp,image/apng,*/*;q=0.8',
  'dnt' => '1',
  'referer' => 'http://localhost/',
  'accept-encoding' => 'gzip, deflate, br',
  'accept-language' => 'zh-CN,zh;q=0.8',
  'cookie' => 'pgv_pvi=5444240384; Phpstorm-19bd4bd9=4f7722b3-e665-4954-a188-10483335f4ff; BJYSESSION=eou7fcavugt56mrk62lvrf6u04; PHPSESSID=bn14m83i8iuptuo5uq0u2ival5; read=think%3A%7B%2217%22%3A%221510451420%22%7D',
)
[ info ] [ PARAM ] array (
  'UserName' => 'zhangzewei',
  'Password' => 'acs977282',
)
[ info ] [ RUN ] app\index\controller\LoginController->login[ E:\test\blog\application\index\controller\LoginController.php ]
[ info ] [ SESSION ] INIT array (
  'id' => '',
  'var_session_id' => '',
  'prefix' => 'blog_',
  'type' => '',
  'auto_start' => true,
  'expire' => 1296000,
  'use_trans_sid' => 1,
)
[ info ] [ DB ] INIT mysql
[ info ] [ VIEW ] E:\test\blog\thinkphp\tpl\dispatch_jump.tpl [ array (
  0 => 'code',
  1 => 'msg',
  2 => 'data',
  3 => 'url',
  4 => 'wait',
) ]
[ info ] [ LOG ] INIT File
[ sql ] [ DB ] CONNECT:[ UseTime:0.006592s ] mysql:host=127.0.0.1;dbname=blog;charset=utf8
[ sql ] [ SQL ] SHOW COLUMNS FROM `blog_user` [ RunTime:0.006291s ]
[ sql ] [ SQL ] SELECT * FROM `blog_user` WHERE  `user_name` = 'zhangzewei' LIMIT 1 [ RunTime:0.000921s ]
[ sql ] [ SQL ] SELECT * FROM `blog_user` WHERE  `user_name` = 'zhangzewei' LIMIT 1 [ RunTime:0.000755s ]
---------------------------------------------------------------
[ 2017-11-18T18:52:00+08:00 ] 0.0.0.0 ::1 GET /home/
[ info ] localhost/home/ [运行时间：0.042050s][吞吐率：23.78req/s] [内存消耗：3,056.91kb] [文件加载：54]
[ info ] [ LANG ] E:\test\blog\thinkphp\lang\zh-cn.php
[ info ] [ ROUTE ] array (
  'type' => 'module',
  'module' => 
  array (
    0 => 'home',
    1 => 'Index',
    2 => 'index',
  ),
  'convert' => false,
)
[ info ] [ HEADER ] array (
  'host' => 'localhost',
  'connection' => 'keep-alive',
  'upgrade-insecure-requests' => '1',
  'user-agent' => 'Mozilla/5.0 (Windows NT 10.0; Win64; x64) AppleWebKit/537.36 (KHTML, like Gecko) Chrome/61.0.3163.100 Safari/537.36',
  'accept' => 'text/html,application/xhtml+xml,application/xml;q=0.9,image/webp,image/apng,*/*;q=0.8',
  'dnt' => '1',
  'referer' => 'http://localhost/index/Login/login',
  'accept-encoding' => 'gzip, deflate, br',
  'accept-language' => 'zh-CN,zh;q=0.8',
  'cookie' => 'pgv_pvi=5444240384; Phpstorm-19bd4bd9=4f7722b3-e665-4954-a188-10483335f4ff; BJYSESSION=eou7fcavugt56mrk62lvrf6u04; PHPSESSID=bn14m83i8iuptuo5uq0u2ival5; read=think%3A%7B%2217%22%3A%221510451420%22%7D',
)
[ info ] [ PARAM ] array (
)
[ info ] [ RUN ] app\home\Controller\IndexController->index[ E:\test\blog\application\home\controller\IndexController.php ]
[ info ] [ SESSION ] INIT array (
  'id' => '',
  'var_session_id' => '',
  'prefix' => 'blog_',
  'type' => '',
  'auto_start' => true,
  'expire' => 1296000,
  'use_trans_sid' => 1,
)
[ info ] [ DB ] INIT mysql
[ info ] [ VIEW ] E:\test\blog\public/../application/home\view\index\index.html [ array (
  0 => 'user',
  1 => 'text',
) ]
[ info ] [ LOG ] INIT File
[ sql ] [ DB ] CONNECT:[ UseTime:0.001646s ] mysql:host=127.0.0.1;dbname=blog;charset=utf8
[ sql ] [ SQL ] SHOW COLUMNS FROM `blog_user` [ RunTime:0.001517s ]
[ sql ] [ SQL ] SELECT * FROM `blog_user` WHERE  `uid` = 10018 LIMIT 1 [ RunTime:0.000905s ]
---------------------------------------------------------------
[ 2017-11-18T18:52:02+08:00 ] 0.0.0.0 ::1 GET /showMyArticle
[ info ] localhost/showMyArticle [运行时间：0.043698s][吞吐率：22.88req/s] [内存消耗：3,093.53kb] [文件加载：55]
[ info ] [ LANG ] E:\test\blog\thinkphp\lang\zh-cn.php
[ info ] [ ROUTE ] array (
  'type' => 'module',
  'module' => 
  array (
    0 => 'home',
    1 => 'Index',
    2 => 'showMyArticle',
  ),
  'convert' => false,
)
[ info ] [ HEADER ] array (
  'host' => 'localhost',
  'connection' => 'keep-alive',
  'upgrade-insecure-requests' => '1',
  'user-agent' => 'Mozilla/5.0 (Windows NT 10.0; Win64; x64) AppleWebKit/537.36 (KHTML, like Gecko) Chrome/61.0.3163.100 Safari/537.36',
  'accept' => 'text/html,application/xhtml+xml,application/xml;q=0.9,image/webp,image/apng,*/*;q=0.8',
  'dnt' => '1',
  'referer' => 'http://localhost/home/',
  'accept-encoding' => 'gzip, deflate, br',
  'accept-language' => 'zh-CN,zh;q=0.8',
  'cookie' => 'pgv_pvi=5444240384; Phpstorm-19bd4bd9=4f7722b3-e665-4954-a188-10483335f4ff; BJYSESSION=eou7fcavugt56mrk62lvrf6u04; PHPSESSID=bn14m83i8iuptuo5uq0u2ival5; read=think%3A%7B%2217%22%3A%221510451420%22%7D',
)
[ info ] [ PARAM ] array (
)
[ info ] [ RUN ] app\home\Controller\IndexController->showMyArticle[ E:\test\blog\application\home\controller\IndexController.php ]
[ info ] [ SESSION ] INIT array (
  'id' => '',
  'var_session_id' => '',
  'prefix' => 'blog_',
  'type' => '',
  'auto_start' => true,
  'expire' => 1296000,
  'use_trans_sid' => 1,
)
[ info ] [ DB ] INIT mysql
[ info ] [ VIEW ] E:\test\blog\public/../application/home\view\index\showMyArticle.html [ array (
  0 => 'nickname',
  1 => 'list',
) ]
[ info ] [ LOG ] INIT File
[ sql ] [ DB ] CONNECT:[ UseTime:0.002245s ] mysql:host=127.0.0.1;dbname=blog;charset=utf8
[ sql ] [ SQL ] SHOW COLUMNS FROM `blog_message` [ RunTime:0.001756s ]
[ sql ] [ SQL ] SELECT * FROM `blog_message` WHERE  `author` = 10018 ORDER BY `id` [ RunTime:0.000992s ]
[ sql ] [ SQL ] SHOW COLUMNS FROM `blog_user` [ RunTime:0.001388s ]
[ sql ] [ SQL ] SELECT * FROM `blog_user` WHERE  `uid` = 10018 LIMIT 1 [ RunTime:0.000767s ]
---------------------------------------------------------------
[ 2017-11-18T18:52:02+08:00 ] 0.0.0.0 ::1 GET /forum
[ info ] localhost/forum [运行时间：0.046718s][吞吐率：21.40req/s] [内存消耗：3,197.96kb] [文件加载：56]
[ info ] [ LANG ] E:\test\blog\thinkphp\lang\zh-cn.php
[ info ] [ ROUTE ] array (
  'type' => 'module',
  'module' => 
  array (
    0 => 'home',
    1 => 'Index',
    2 => 'forum',
  ),
  'convert' => false,
)
[ info ] [ HEADER ] array (
  'host' => 'localhost',
  'connection' => 'keep-alive',
  'upgrade-insecure-requests' => '1',
  'user-agent' => 'Mozilla/5.0 (Windows NT 10.0; Win64; x64) AppleWebKit/537.36 (KHTML, like Gecko) Chrome/61.0.3163.100 Safari/537.36',
  'accept' => 'text/html,application/xhtml+xml,application/xml;q=0.9,image/webp,image/apng,*/*;q=0.8',
  'dnt' => '1',
  'referer' => 'http://localhost/showMyArticle',
  'accept-encoding' => 'gzip, deflate, br',
  'accept-language' => 'zh-CN,zh;q=0.8',
  'cookie' => 'pgv_pvi=5444240384; Phpstorm-19bd4bd9=4f7722b3-e665-4954-a188-10483335f4ff; BJYSESSION=eou7fcavugt56mrk62lvrf6u04; PHPSESSID=bn14m83i8iuptuo5uq0u2ival5; read=think%3A%7B%2217%22%3A%221510451420%22%7D',
)
[ info ] [ PARAM ] array (
)
[ info ] [ RUN ] app\home\Controller\IndexController->forum[ E:\test\blog\application\home\controller\IndexController.php ]
[ info ] [ DB ] INIT mysql
[ info ] [ VIEW ] E:\test\blog\public/../application/home\view\index\forum.html [ array (
  0 => 'text',
  1 => 'user',
  2 => 'comment',
) ]
[ info ] [ LOG ] INIT File
[ sql ] [ DB ] CONNECT:[ UseTime:0.002788s ] mysql:host=127.0.0.1;dbname=blog;charset=utf8
[ sql ] [ SQL ] SHOW COLUMNS FROM `blog_comment` [ RunTime:0.001863s ]
[ sql ] [ SQL ] SELECT * FROM `blog_comment` WHERE  `is_show` = 1 ORDER BY `create_time` [ RunTime:0.000880s ]
[ sql ] [ SQL ] SHOW COLUMNS FROM `blog_user` [ RunTime:0.001343s ]
[ sql ] [ SQL ] SELECT * FROM `blog_user` [ RunTime:0.000866s ]
[ sql ] [ SQL ] SHOW COLUMNS FROM `blog_message` [ RunTime:0.001354s ]
[ sql ] [ SQL ] SELECT * FROM `blog_message` WHERE  `is_show` <> 0 ORDER BY `create_time`  desc [ RunTime:0.000905s ]
---------------------------------------------------------------
[ 2017-11-18T18:52:05+08:00 ] 0.0.0.0 ::1 GET /showMyArticle
[ info ] localhost/showMyArticle [运行时间：0.042179s][吞吐率：23.71req/s] [内存消耗：3,093.53kb] [文件加载：55]
[ info ] [ LANG ] E:\test\blog\thinkphp\lang\zh-cn.php
[ info ] [ ROUTE ] array (
  'type' => 'module',
  'module' => 
  array (
    0 => 'home',
    1 => 'Index',
    2 => 'showMyArticle',
  ),
  'convert' => false,
)
[ info ] [ HEADER ] array (
  'host' => 'localhost',
  'connection' => 'keep-alive',
  'upgrade-insecure-requests' => '1',
  'user-agent' => 'Mozilla/5.0 (Windows NT 10.0; Win64; x64) AppleWebKit/537.36 (KHTML, like Gecko) Chrome/61.0.3163.100 Safari/537.36',
  'accept' => 'text/html,application/xhtml+xml,application/xml;q=0.9,image/webp,image/apng,*/*;q=0.8',
  'dnt' => '1',
  'referer' => 'http://localhost/forum',
  'accept-encoding' => 'gzip, deflate, br',
  'accept-language' => 'zh-CN,zh;q=0.8',
  'cookie' => 'pgv_pvi=5444240384; Phpstorm-19bd4bd9=4f7722b3-e665-4954-a188-10483335f4ff; BJYSESSION=eou7fcavugt56mrk62lvrf6u04; PHPSESSID=bn14m83i8iuptuo5uq0u2ival5; read=think%3A%7B%2217%22%3A%221510451420%22%7D',
)
[ info ] [ PARAM ] array (
)
[ info ] [ RUN ] app\home\Controller\IndexController->showMyArticle[ E:\test\blog\application\home\controller\IndexController.php ]
[ info ] [ SESSION ] INIT array (
  'id' => '',
  'var_session_id' => '',
  'prefix' => 'blog_',
  'type' => '',
  'auto_start' => true,
  'expire' => 1296000,
  'use_trans_sid' => 1,
)
[ info ] [ DB ] INIT mysql
[ info ] [ VIEW ] E:\test\blog\public/../application/home\view\index\showMyArticle.html [ array (
  0 => 'nickname',
  1 => 'list',
) ]
[ info ] [ LOG ] INIT File
[ sql ] [ DB ] CONNECT:[ UseTime:0.001617s ] mysql:host=127.0.0.1;dbname=blog;charset=utf8
[ sql ] [ SQL ] SHOW COLUMNS FROM `blog_message` [ RunTime:0.001499s ]
[ sql ] [ SQL ] SELECT * FROM `blog_message` WHERE  `author` = 10018 ORDER BY `id` [ RunTime:0.001044s ]
[ sql ] [ SQL ] SHOW COLUMNS FROM `blog_user` [ RunTime:0.001457s ]
[ sql ] [ SQL ] SELECT * FROM `blog_user` WHERE  `uid` = 10018 LIMIT 1 [ RunTime:0.000709s ]
---------------------------------------------------------------
[ 2017-11-18T18:52:05+08:00 ] 0.0.0.0 ::1 GET /home
[ info ] localhost/home [运行时间：0.039317s][吞吐率：25.43req/s] [内存消耗：3,056.88kb] [文件加载：54]
[ info ] [ LANG ] E:\test\blog\thinkphp\lang\zh-cn.php
[ info ] [ ROUTE ] array (
  'type' => 'module',
  'module' => 
  array (
    0 => 'home',
    1 => 'Index',
    2 => 'index',
  ),
  'convert' => false,
)
[ info ] [ HEADER ] array (
  'host' => 'localhost',
  'connection' => 'keep-alive',
  'upgrade-insecure-requests' => '1',
  'user-agent' => 'Mozilla/5.0 (Windows NT 10.0; Win64; x64) AppleWebKit/537.36 (KHTML, like Gecko) Chrome/61.0.3163.100 Safari/537.36',
  'accept' => 'text/html,application/xhtml+xml,application/xml;q=0.9,image/webp,image/apng,*/*;q=0.8',
  'dnt' => '1',
  'referer' => 'http://localhost/showMyArticle',
  'accept-encoding' => 'gzip, deflate, br',
  'accept-language' => 'zh-CN,zh;q=0.8',
  'cookie' => 'pgv_pvi=5444240384; Phpstorm-19bd4bd9=4f7722b3-e665-4954-a188-10483335f4ff; BJYSESSION=eou7fcavugt56mrk62lvrf6u04; PHPSESSID=bn14m83i8iuptuo5uq0u2ival5; read=think%3A%7B%2217%22%3A%221510451420%22%7D',
)
[ info ] [ PARAM ] array (
)
[ info ] [ RUN ] app\home\Controller\IndexController->index[ E:\test\blog\application\home\controller\IndexController.php ]
[ info ] [ SESSION ] INIT array (
  'id' => '',
  'var_session_id' => '',
  'prefix' => 'blog_',
  'type' => '',
  'auto_start' => true,
  'expire' => 1296000,
  'use_trans_sid' => 1,
)
[ info ] [ DB ] INIT mysql
[ info ] [ VIEW ] E:\test\blog\public/../application/home\view\index\index.html [ array (
  0 => 'user',
  1 => 'text',
) ]
[ info ] [ LOG ] INIT File
[ sql ] [ DB ] CONNECT:[ UseTime:0.001535s ] mysql:host=127.0.0.1;dbname=blog;charset=utf8
[ sql ] [ SQL ] SHOW COLUMNS FROM `blog_user` [ RunTime:0.001529s ]
[ sql ] [ SQL ] SELECT * FROM `blog_user` WHERE  `uid` = 10018 LIMIT 1 [ RunTime:0.000951s ]
---------------------------------------------------------------
[ 2017-11-18T18:52:09+08:00 ] 0.0.0.0 ::1 POST /addMyArticle
[ info ] localhost/addMyArticle [运行时间：0.046047s][吞吐率：21.72req/s] [内存消耗：3,018.97kb] [文件加载：55]
[ info ] [ LANG ] E:\test\blog\thinkphp\lang\zh-cn.php
[ info ] [ ROUTE ] array (
  'type' => 'module',
  'module' => 
  array (
    0 => 'home',
    1 => 'Index',
    2 => 'addMyArticle',
  ),
  'convert' => false,
)
[ info ] [ HEADER ] array (
  'host' => 'localhost',
  'connection' => 'keep-alive',
  'content-length' => '33',
  'cache-control' => 'max-age=0',
  'origin' => 'http://localhost',
  'upgrade-insecure-requests' => '1',
  'content-type' => 'application/x-www-form-urlencoded',
  'user-agent' => 'Mozilla/5.0 (Windows NT 10.0; Win64; x64) AppleWebKit/537.36 (KHTML, like Gecko) Chrome/61.0.3163.100 Safari/537.36',
  'accept' => 'text/html,application/xhtml+xml,application/xml;q=0.9,image/webp,image/apng,*/*;q=0.8',
  'dnt' => '1',
  'referer' => 'http://localhost/home',
  'accept-encoding' => 'gzip, deflate, br',
  'accept-language' => 'zh-CN,zh;q=0.8',
  'cookie' => 'pgv_pvi=5444240384; Phpstorm-19bd4bd9=4f7722b3-e665-4954-a188-10483335f4ff; BJYSESSION=eou7fcavugt56mrk62lvrf6u04; PHPSESSID=bn14m83i8iuptuo5uq0u2ival5; read=think%3A%7B%2217%22%3A%221510451420%22%7D',
)
[ info ] [ PARAM ] array (
  'message' => 'ddddddddddddddddddddddddd',
)
[ info ] [ RUN ] app\home\Controller\IndexController->addMyArticle[ E:\test\blog\application\home\controller\IndexController.php ]
[ info ] [ SESSION ] INIT array (
  'id' => '',
  'var_session_id' => '',
  'prefix' => 'blog_',
  'type' => '',
  'auto_start' => true,
  'expire' => 1296000,
  'use_trans_sid' => 1,
)
[ info ] [ DB ] INIT mysql
[ info ] [ VIEW ] E:\test\blog\thinkphp\tpl\dispatch_jump.tpl [ array (
  0 => 'code',
  1 => 'msg',
  2 => 'data',
  3 => 'url',
  4 => 'wait',
) ]
[ info ] [ LOG ] INIT File
[ sql ] [ DB ] CONNECT:[ UseTime:0.001557s ] mysql:host=127.0.0.1;dbname=blog;charset=utf8
[ sql ] [ SQL ] SHOW COLUMNS FROM `blog_message` [ RunTime:0.001911s ]
[ sql ] [ SQL ] INSERT INTO `blog_message` (`author` , `content` , `praise` , `hate` , `create_time` , `update_time`) VALUES (10018 , 'ddddddddddddddddddddddddd' , 0 , 0 , 1511002329 , 1511002329) [ RunTime:0.002194s ]
---------------------------------------------------------------
[ 2017-11-18T18:52:10+08:00 ] 0.0.0.0 ::1 GET /home
[ info ] localhost/home [运行时间：0.039765s][吞吐率：25.15req/s] [内存消耗：3,056.88kb] [文件加载：54]
[ info ] [ LANG ] E:\test\blog\thinkphp\lang\zh-cn.php
[ info ] [ ROUTE ] array (
  'type' => 'module',
  'module' => 
  array (
    0 => 'home',
    1 => 'Index',
    2 => 'index',
  ),
  'convert' => false,
)
[ info ] [ HEADER ] array (
  'host' => 'localhost',
  'connection' => 'keep-alive',
  'upgrade-insecure-requests' => '1',
  'user-agent' => 'Mozilla/5.0 (Windows NT 10.0; Win64; x64) AppleWebKit/537.36 (KHTML, like Gecko) Chrome/61.0.3163.100 Safari/537.36',
  'accept' => 'text/html,application/xhtml+xml,application/xml;q=0.9,image/webp,image/apng,*/*;q=0.8',
  'dnt' => '1',
  'referer' => 'http://localhost/addMyArticle',
  'accept-encoding' => 'gzip, deflate, br',
  'accept-language' => 'zh-CN,zh;q=0.8',
  'cookie' => 'pgv_pvi=5444240384; Phpstorm-19bd4bd9=4f7722b3-e665-4954-a188-10483335f4ff; BJYSESSION=eou7fcavugt56mrk62lvrf6u04; PHPSESSID=bn14m83i8iuptuo5uq0u2ival5; read=think%3A%7B%2217%22%3A%221510451420%22%7D',
)
[ info ] [ PARAM ] array (
)
[ info ] [ RUN ] app\home\Controller\IndexController->index[ E:\test\blog\application\home\controller\IndexController.php ]
[ info ] [ SESSION ] INIT array (
  'id' => '',
  'var_session_id' => '',
  'prefix' => 'blog_',
  'type' => '',
  'auto_start' => true,
  'expire' => 1296000,
  'use_trans_sid' => 1,
)
[ info ] [ DB ] INIT mysql
[ info ] [ VIEW ] E:\test\blog\public/../application/home\view\index\index.html [ array (
  0 => 'user',
  1 => 'text',
) ]
[ info ] [ LOG ] INIT File
[ sql ] [ DB ] CONNECT:[ UseTime:0.002322s ] mysql:host=127.0.0.1;dbname=blog;charset=utf8
[ sql ] [ SQL ] SHOW COLUMNS FROM `blog_user` [ RunTime:0.001506s ]
[ sql ] [ SQL ] SELECT * FROM `blog_user` WHERE  `uid` = 10018 LIMIT 1 [ RunTime:0.001034s ]
---------------------------------------------------------------
[ 2017-11-18T18:52:10+08:00 ] 0.0.0.0 ::1 GET /forum
[ info ] localhost/forum [运行时间：0.048205s][吞吐率：20.74req/s] [内存消耗：3,201.13kb] [文件加载：56]
[ info ] [ LANG ] E:\test\blog\thinkphp\lang\zh-cn.php
[ info ] [ ROUTE ] array (
  'type' => 'module',
  'module' => 
  array (
    0 => 'home',
    1 => 'Index',
    2 => 'forum',
  ),
  'convert' => false,
)
[ info ] [ HEADER ] array (
  'host' => 'localhost',
  'connection' => 'keep-alive',
  'upgrade-insecure-requests' => '1',
  'user-agent' => 'Mozilla/5.0 (Windows NT 10.0; Win64; x64) AppleWebKit/537.36 (KHTML, like Gecko) Chrome/61.0.3163.100 Safari/537.36',
  'accept' => 'text/html,application/xhtml+xml,application/xml;q=0.9,image/webp,image/apng,*/*;q=0.8',
  'dnt' => '1',
  'referer' => 'http://localhost/home',
  'accept-encoding' => 'gzip, deflate, br',
  'accept-language' => 'zh-CN,zh;q=0.8',
  'cookie' => 'pgv_pvi=5444240384; Phpstorm-19bd4bd9=4f7722b3-e665-4954-a188-10483335f4ff; BJYSESSION=eou7fcavugt56mrk62lvrf6u04; PHPSESSID=bn14m83i8iuptuo5uq0u2ival5; read=think%3A%7B%2217%22%3A%221510451420%22%7D',
)
[ info ] [ PARAM ] array (
)
[ info ] [ RUN ] app\home\Controller\IndexController->forum[ E:\test\blog\application\home\controller\IndexController.php ]
[ info ] [ DB ] INIT mysql
[ info ] [ VIEW ] E:\test\blog\public/../application/home\view\index\forum.html [ array (
  0 => 'text',
  1 => 'user',
  2 => 'comment',
) ]
[ info ] [ LOG ] INIT File
[ sql ] [ DB ] CONNECT:[ UseTime:0.001600s ] mysql:host=127.0.0.1;dbname=blog;charset=utf8
[ sql ] [ SQL ] SHOW COLUMNS FROM `blog_comment` [ RunTime:0.001560s ]
[ sql ] [ SQL ] SELECT * FROM `blog_comment` WHERE  `is_show` = 1 ORDER BY `create_time` [ RunTime:0.001067s ]
[ sql ] [ SQL ] SHOW COLUMNS FROM `blog_user` [ RunTime:0.001386s ]
[ sql ] [ SQL ] SELECT * FROM `blog_user` [ RunTime:0.001034s ]
[ sql ] [ SQL ] SHOW COLUMNS FROM `blog_message` [ RunTime:0.001443s ]
[ sql ] [ SQL ] SELECT * FROM `blog_message` WHERE  `is_show` <> 0 ORDER BY `create_time`  desc [ RunTime:0.000862s ]
---------------------------------------------------------------
[ 2017-11-18T18:52:22+08:00 ] 0.0.0.0 ::1 GET /logout
[ info ] localhost/logout [运行时间：0.023542s][吞吐率：42.48req/s] [内存消耗：1,909.25kb] [文件加载：46]
[ info ] [ LANG ] E:\test\blog\thinkphp\lang\zh-cn.php
[ info ] [ ROUTE ] array (
  'type' => 'module',
  'module' => 
  array (
    0 => 'home',
    1 => 'Index',
    2 => 'logout',
  ),
  'convert' => false,
)
[ info ] [ HEADER ] array (
  'host' => 'localhost',
  'connection' => 'keep-alive',
  'upgrade-insecure-requests' => '1',
  'user-agent' => 'Mozilla/5.0 (Windows NT 10.0; Win64; x64) AppleWebKit/537.36 (KHTML, like Gecko) Chrome/61.0.3163.100 Safari/537.36',
  'accept' => 'text/html,application/xhtml+xml,application/xml;q=0.9,image/webp,image/apng,*/*;q=0.8',
  'dnt' => '1',
  'referer' => 'http://localhost/forum',
  'accept-encoding' => 'gzip, deflate, br',
  'accept-language' => 'zh-CN,zh;q=0.8',
  'cookie' => 'pgv_pvi=5444240384; Phpstorm-19bd4bd9=4f7722b3-e665-4954-a188-10483335f4ff; BJYSESSION=eou7fcavugt56mrk62lvrf6u04; PHPSESSID=bn14m83i8iuptuo5uq0u2ival5; read=think%3A%7B%2217%22%3A%221510451420%22%7D',
)
[ info ] [ PARAM ] array (
)
[ info ] [ RUN ] app\home\Controller\IndexController->logout[ E:\test\blog\application\home\controller\IndexController.php ]
[ info ] [ SESSION ] INIT array (
  'id' => '',
  'var_session_id' => '',
  'prefix' => 'blog_',
  'type' => '',
  'auto_start' => true,
  'expire' => 1296000,
  'use_trans_sid' => 1,
)
[ info ] [ VIEW ] E:\test\blog\thinkphp\tpl\dispatch_jump.tpl [ array (
  0 => 'code',
  1 => 'msg',
  2 => 'data',
  3 => 'url',
  4 => 'wait',
) ]
[ info ] [ LOG ] INIT File
---------------------------------------------------------------
[ 2017-11-18T18:52:23+08:00 ] 0.0.0.0 ::1 GET /index
[ info ] localhost/index [运行时间：0.027524s][吞吐率：36.33req/s] [内存消耗：1,886.50kb] [文件加载：45]
[ info ] [ LANG ] E:\test\blog\thinkphp\lang\zh-cn.php
[ info ] [ ROUTE ] array (
  'type' => 'module',
  'module' => 
  array (
    0 => 'index',
    1 => NULL,
    2 => NULL,
  ),
)
[ info ] [ HEADER ] array (
  'host' => 'localhost',
  'connection' => 'keep-alive',
  'upgrade-insecure-requests' => '1',
  'user-agent' => 'Mozilla/5.0 (Windows NT 10.0; Win64; x64) AppleWebKit/537.36 (KHTML, like Gecko) Chrome/61.0.3163.100 Safari/537.36',
  'accept' => 'text/html,application/xhtml+xml,application/xml;q=0.9,image/webp,image/apng,*/*;q=0.8',
  'dnt' => '1',
  'referer' => 'http://localhost/logout',
  'accept-encoding' => 'gzip, deflate, br',
  'accept-language' => 'zh-CN,zh;q=0.8',
  'cookie' => 'pgv_pvi=5444240384; Phpstorm-19bd4bd9=4f7722b3-e665-4954-a188-10483335f4ff; BJYSESSION=eou7fcavugt56mrk62lvrf6u04; PHPSESSID=bn14m83i8iuptuo5uq0u2ival5; read=think%3A%7B%2217%22%3A%221510451420%22%7D',
)
[ info ] [ PARAM ] array (
)
[ info ] [ RUN ] app\index\controller\IndexController->index[ E:\test\blog\application\index\controller\IndexController.php ]
[ info ] [ SESSION ] INIT array (
  'id' => '',
  'var_session_id' => '',
  'prefix' => 'blog_',
  'type' => '',
  'auto_start' => true,
  'expire' => 1296000,
  'use_trans_sid' => 1,
)
[ info ] [ VIEW ] E:\test\blog\public/../application/index\view\Index\index.html [ array (
) ]
[ info ] [ LOG ] INIT File
---------------------------------------------------------------
[ 2017-11-18T18:52:27+08:00 ] 0.0.0.0 ::1 POST /index/Login/login
[ info ] localhost/index/Login/login [运行时间：0.039670s][吞吐率：25.21req/s] [内存消耗：3,051.12kb] [文件加载：55]
[ info ] [ LANG ] E:\test\blog\thinkphp\lang\zh-cn.php
[ info ] [ ROUTE ] array (
  'type' => 'module',
  'module' => 
  array (
    0 => 'index',
    1 => 'Login',
    2 => 'login',
  ),
)
[ info ] [ HEADER ] array (
  'host' => 'localhost',
  'connection' => 'keep-alive',
  'content-length' => '32',
  'cache-control' => 'max-age=0',
  'origin' => 'http://localhost',
  'upgrade-insecure-requests' => '1',
  'content-type' => 'application/x-www-form-urlencoded',
  'user-agent' => 'Mozilla/5.0 (Windows NT 10.0; Win64; x64) AppleWebKit/537.36 (KHTML, like Gecko) Chrome/61.0.3163.100 Safari/537.36',
  'accept' => 'text/html,application/xhtml+xml,application/xml;q=0.9,image/webp,image/apng,*/*;q=0.8',
  'dnt' => '1',
  'referer' => 'http://localhost/index',
  'accept-encoding' => 'gzip, deflate, br',
  'accept-language' => 'zh-CN,zh;q=0.8',
  'cookie' => 'pgv_pvi=5444240384; Phpstorm-19bd4bd9=4f7722b3-e665-4954-a188-10483335f4ff; BJYSESSION=eou7fcavugt56mrk62lvrf6u04; PHPSESSID=bn14m83i8iuptuo5uq0u2ival5; read=think%3A%7B%2217%22%3A%221510451420%22%7D',
)
[ info ] [ PARAM ] array (
  'UserName' => 'admin',
  'Password' => 'admin123',
)
[ info ] [ RUN ] app\index\controller\LoginController->login[ E:\test\blog\application\index\controller\LoginController.php ]
[ info ] [ SESSION ] INIT array (
  'id' => '',
  'var_session_id' => '',
  'prefix' => 'blog_',
  'type' => '',
  'auto_start' => true,
  'expire' => 1296000,
  'use_trans_sid' => 1,
)
[ info ] [ DB ] INIT mysql
[ info ] [ LOG ] INIT File
[ sql ] [ DB ] CONNECT:[ UseTime:0.001710s ] mysql:host=127.0.0.1;dbname=blog;charset=utf8
[ sql ] [ SQL ] SHOW COLUMNS FROM `blog_user` [ RunTime:0.001680s ]
[ sql ] [ SQL ] SELECT * FROM `blog_user` WHERE  `user_name` = 'admin' LIMIT 1 [ RunTime:0.000927s ]
[ sql ] [ SQL ] SELECT * FROM `blog_user` WHERE  `user_name` = 'admin' LIMIT 1 [ RunTime:0.000788s ]
---------------------------------------------------------------
[ 2017-11-18T18:52:27+08:00 ] 0.0.0.0 ::1 GET /admin_user_change
[ info ] localhost/admin_user_change [运行时间：0.036971s][吞吐率：27.05req/s] [内存消耗：3,084.23kb] [文件加载：54]
[ info ] [ LANG ] E:\test\blog\thinkphp\lang\zh-cn.php
[ info ] [ ROUTE ] array (
  'type' => 'module',
  'module' => 
  array (
    0 => 'admin',
    1 => 'Index',
    2 => 'admin_user_change',
  ),
  'convert' => false,
)
[ info ] [ HEADER ] array (
  'host' => 'localhost',
  'connection' => 'keep-alive',
  'cache-control' => 'max-age=0',
  'upgrade-insecure-requests' => '1',
  'user-agent' => 'Mozilla/5.0 (Windows NT 10.0; Win64; x64) AppleWebKit/537.36 (KHTML, like Gecko) Chrome/61.0.3163.100 Safari/537.36',
  'accept' => 'text/html,application/xhtml+xml,application/xml;q=0.9,image/webp,image/apng,*/*;q=0.8',
  'dnt' => '1',
  'referer' => 'http://localhost/index',
  'accept-encoding' => 'gzip, deflate, br',
  'accept-language' => 'zh-CN,zh;q=0.8',
  'cookie' => 'pgv_pvi=5444240384; Phpstorm-19bd4bd9=4f7722b3-e665-4954-a188-10483335f4ff; BJYSESSION=eou7fcavugt56mrk62lvrf6u04; PHPSESSID=bn14m83i8iuptuo5uq0u2ival5; read=think%3A%7B%2217%22%3A%221510451420%22%7D',
)
[ info ] [ PARAM ] array (
  'mode' => NULL,
  'uid' => NULL,
)
[ info ] [ RUN ] app\admin\Controller\IndexController->admin_user_change[ E:\test\blog\application\admin\Controller\IndexController.php ]
[ info ] [ SESSION ] INIT array (
  'id' => '',
  'var_session_id' => '',
  'prefix' => 'blog_',
  'type' => '',
  'auto_start' => true,
  'expire' => 1296000,
  'use_trans_sid' => 1,
)
[ info ] [ DB ] INIT mysql
[ info ] [ VIEW ] E:\test\blog\public/../application/admin\view\index\user_change.html [ array (
  0 => 'all_user',
) ]
[ info ] [ LOG ] INIT File
[ sql ] [ DB ] CONNECT:[ UseTime:0.002036s ] mysql:host=127.0.0.1;dbname=blog;charset=utf8
[ sql ] [ SQL ] SHOW COLUMNS FROM `blog_user` [ RunTime:0.001493s ]
[ sql ] [ SQL ] SELECT * FROM `blog_user` [ RunTime:0.000820s ]
---------------------------------------------------------------
[ 2017-11-18T18:52:29+08:00 ] 0.0.0.0 ::1 GET /admin_message_delete
[ info ] localhost/admin_message_delete [运行时间：0.044572s][吞吐率：22.44req/s] [内存消耗：3,136.57kb] [文件加载：55]
[ info ] [ LANG ] E:\test\blog\thinkphp\lang\zh-cn.php
[ info ] [ ROUTE ] array (
  'type' => 'module',
  'module' => 
  array (
    0 => 'admin',
    1 => 'Index',
    2 => 'admin_message_delete',
  ),
  'convert' => false,
)
[ info ] [ HEADER ] array (
  'host' => 'localhost',
  'connection' => 'keep-alive',
  'upgrade-insecure-requests' => '1',
  'user-agent' => 'Mozilla/5.0 (Windows NT 10.0; Win64; x64) AppleWebKit/537.36 (KHTML, like Gecko) Chrome/61.0.3163.100 Safari/537.36',
  'accept' => 'text/html,application/xhtml+xml,application/xml;q=0.9,image/webp,image/apng,*/*;q=0.8',
  'dnt' => '1',
  'referer' => 'http://localhost/admin_user_change',
  'accept-encoding' => 'gzip, deflate, br',
  'accept-language' => 'zh-CN,zh;q=0.8',
  'cookie' => 'pgv_pvi=5444240384; Phpstorm-19bd4bd9=4f7722b3-e665-4954-a188-10483335f4ff; BJYSESSION=eou7fcavugt56mrk62lvrf6u04; PHPSESSID=bn14m83i8iuptuo5uq0u2ival5; read=think%3A%7B%2217%22%3A%221510451420%22%7D',
)
[ info ] [ PARAM ] array (
  'mid' => NULL,
)
[ info ] [ RUN ] app\admin\Controller\IndexController->admin_message_delete[ E:\test\blog\application\admin\Controller\IndexController.php ]
[ info ] [ SESSION ] INIT array (
  'id' => '',
  'var_session_id' => '',
  'prefix' => 'blog_',
  'type' => '',
  'auto_start' => true,
  'expire' => 1296000,
  'use_trans_sid' => 1,
)
[ info ] [ DB ] INIT mysql
[ info ] [ VIEW ] E:\test\blog\public/../application/admin\view\index\message_delete.html [ array (
  0 => 'text',
  1 => 'user',
) ]
[ info ] [ LOG ] INIT File
[ sql ] [ DB ] CONNECT:[ UseTime:0.001600s ] mysql:host=127.0.0.1;dbname=blog;charset=utf8
[ sql ] [ SQL ] SHOW COLUMNS FROM `blog_user` [ RunTime:0.001811s ]
[ sql ] [ SQL ] SELECT * FROM `blog_user` [ RunTime:0.001119s ]
[ sql ] [ SQL ] SHOW COLUMNS FROM `blog_message` [ RunTime:0.001420s ]
[ sql ] [ SQL ] SELECT * FROM `blog_message` ORDER BY `create_time` [ RunTime:0.000822s ]
---------------------------------------------------------------
[ 2017-11-18T18:52:30+08:00 ] 0.0.0.0 ::1 GET /admin_message_top
[ info ] localhost/admin_message_top [运行时间：0.045322s][吞吐率：22.06req/s] [内存消耗：3,136.65kb] [文件加载：55]
[ info ] [ LANG ] E:\test\blog\thinkphp\lang\zh-cn.php
[ info ] [ ROUTE ] array (
  'type' => 'module',
  'module' => 
  array (
    0 => 'admin',
    1 => 'Index',
    2 => 'admin_message_top',
  ),
  'convert' => false,
)
[ info ] [ HEADER ] array (
  'host' => 'localhost',
  'connection' => 'keep-alive',
  'upgrade-insecure-requests' => '1',
  'user-agent' => 'Mozilla/5.0 (Windows NT 10.0; Win64; x64) AppleWebKit/537.36 (KHTML, like Gecko) Chrome/61.0.3163.100 Safari/537.36',
  'accept' => 'text/html,application/xhtml+xml,application/xml;q=0.9,image/webp,image/apng,*/*;q=0.8',
  'dnt' => '1',
  'referer' => 'http://localhost/admin_message_delete',
  'accept-encoding' => 'gzip, deflate, br',
  'accept-language' => 'zh-CN,zh;q=0.8',
  'cookie' => 'pgv_pvi=5444240384; Phpstorm-19bd4bd9=4f7722b3-e665-4954-a188-10483335f4ff; BJYSESSION=eou7fcavugt56mrk62lvrf6u04; PHPSESSID=bn14m83i8iuptuo5uq0u2ival5; read=think%3A%7B%2217%22%3A%221510451420%22%7D',
)
[ info ] [ PARAM ] array (
  'mode' => NULL,
  'mid' => NULL,
)
[ info ] [ RUN ] app\admin\Controller\IndexController->admin_message_top[ E:\test\blog\application\admin\Controller\IndexController.php ]
[ info ] [ SESSION ] INIT array (
  'id' => '',
  'var_session_id' => '',
  'prefix' => 'blog_',
  'type' => '',
  'auto_start' => true,
  'expire' => 1296000,
  'use_trans_sid' => 1,
)
[ info ] [ DB ] INIT mysql
[ info ] [ VIEW ] E:\test\blog\public/../application/admin\view\index\message_top.html [ array (
  0 => 'text',
  1 => 'user',
) ]
[ info ] [ LOG ] INIT File
[ sql ] [ DB ] CONNECT:[ UseTime:0.001589s ] mysql:host=127.0.0.1;dbname=blog;charset=utf8
[ sql ] [ SQL ] SHOW COLUMNS FROM `blog_user` [ RunTime:0.001530s ]
[ sql ] [ SQL ] SELECT * FROM `blog_user` [ RunTime:0.000877s ]
[ sql ] [ SQL ] SHOW COLUMNS FROM `blog_message` [ RunTime:0.001408s ]
[ sql ] [ SQL ] SELECT * FROM `blog_message` ORDER BY `create_time` [ RunTime:0.000827s ]
---------------------------------------------------------------
[ 2017-11-18T18:52:36+08:00 ] 0.0.0.0 ::1 GET /admin_message_top/1/26
[ info ] localhost/admin_message_top/1/26 [运行时间：0.046256s][吞吐率：21.62req/s] [内存消耗：3,097.89kb] [文件加载：58]
[ info ] [ LANG ] E:\test\blog\thinkphp\lang\zh-cn.php
[ info ] [ ROUTE ] array (
  'type' => 'module',
  'module' => 
  array (
    0 => 'admin',
    1 => 'Index',
    2 => 'admin_message_top',
  ),
  'convert' => false,
)
[ info ] [ HEADER ] array (
  'host' => 'localhost',
  'connection' => 'keep-alive',
  'upgrade-insecure-requests' => '1',
  'user-agent' => 'Mozilla/5.0 (Windows NT 10.0; Win64; x64) AppleWebKit/537.36 (KHTML, like Gecko) Chrome/61.0.3163.100 Safari/537.36',
  'accept' => 'text/html,application/xhtml+xml,application/xml;q=0.9,image/webp,image/apng,*/*;q=0.8',
  'dnt' => '1',
  'referer' => 'http://localhost/admin_message_top',
  'accept-encoding' => 'gzip, deflate, br',
  'accept-language' => 'zh-CN,zh;q=0.8',
  'cookie' => 'pgv_pvi=5444240384; Phpstorm-19bd4bd9=4f7722b3-e665-4954-a188-10483335f4ff; BJYSESSION=eou7fcavugt56mrk62lvrf6u04; PHPSESSID=bn14m83i8iuptuo5uq0u2ival5; read=think%3A%7B%2217%22%3A%221510451420%22%7D',
)
[ info ] [ PARAM ] array (
  'mode' => '1',
  'mid' => '26',
)
[ info ] [ RUN ] app\admin\Controller\IndexController->admin_message_top[ E:\test\blog\application\admin\Controller\IndexController.php ]
[ info ] [ SESSION ] INIT array (
  'id' => '',
  'var_session_id' => '',
  'prefix' => 'blog_',
  'type' => '',
  'auto_start' => true,
  'expire' => 1296000,
  'use_trans_sid' => 1,
)
[ info ] [ DB ] INIT mysql
[ info ] [ CACHE ] INIT File
[ info ] [ VIEW ] E:\test\blog\thinkphp\tpl\dispatch_jump.tpl [ array (
  0 => 'code',
  1 => 'msg',
  2 => 'data',
  3 => 'url',
  4 => 'wait',
) ]
[ info ] [ LOG ] INIT File
[ sql ] [ DB ] CONNECT:[ UseTime:0.001517s ] mysql:host=127.0.0.1;dbname=blog;charset=utf8
[ sql ] [ SQL ] SHOW COLUMNS FROM `blog_message` [ RunTime:0.001462s ]
[ sql ] [ SQL ] SELECT * FROM `blog_message` WHERE  `id` = 26 LIMIT 1 [ RunTime:0.000829s ]
[ sql ] [ SQL ] UPDATE `blog_message`  SET `is_top`=1,`update_time`=1511002356  WHERE  `id` = 26 [ RunTime:0.000866s ]
---------------------------------------------------------------
[ 2017-11-18T18:52:37+08:00 ] 0.0.0.0 ::1 GET /admin_message_top
[ info ] localhost/admin_message_top [运行时间：0.047139s][吞吐率：21.21req/s] [内存消耗：3,136.65kb] [文件加载：55]
[ info ] [ LANG ] E:\test\blog\thinkphp\lang\zh-cn.php
[ info ] [ ROUTE ] array (
  'type' => 'module',
  'module' => 
  array (
    0 => 'admin',
    1 => 'Index',
    2 => 'admin_message_top',
  ),
  'convert' => false,
)
[ info ] [ HEADER ] array (
  'host' => 'localhost',
  'connection' => 'keep-alive',
  'upgrade-insecure-requests' => '1',
  'user-agent' => 'Mozilla/5.0 (Windows NT 10.0; Win64; x64) AppleWebKit/537.36 (KHTML, like Gecko) Chrome/61.0.3163.100 Safari/537.36',
  'accept' => 'text/html,application/xhtml+xml,application/xml;q=0.9,image/webp,image/apng,*/*;q=0.8',
  'dnt' => '1',
  'referer' => 'http://localhost/admin_message_top/1/26',
  'accept-encoding' => 'gzip, deflate, br',
  'accept-language' => 'zh-CN,zh;q=0.8',
  'cookie' => 'pgv_pvi=5444240384; Phpstorm-19bd4bd9=4f7722b3-e665-4954-a188-10483335f4ff; BJYSESSION=eou7fcavugt56mrk62lvrf6u04; PHPSESSID=bn14m83i8iuptuo5uq0u2ival5; read=think%3A%7B%2217%22%3A%221510451420%22%7D',
)
[ info ] [ PARAM ] array (
  'mode' => NULL,
  'mid' => NULL,
)
[ info ] [ RUN ] app\admin\Controller\IndexController->admin_message_top[ E:\test\blog\application\admin\Controller\IndexController.php ]
[ info ] [ SESSION ] INIT array (
  'id' => '',
  'var_session_id' => '',
  'prefix' => 'blog_',
  'type' => '',
  'auto_start' => true,
  'expire' => 1296000,
  'use_trans_sid' => 1,
)
[ info ] [ DB ] INIT mysql
[ info ] [ VIEW ] E:\test\blog\public/../application/admin\view\index\message_top.html [ array (
  0 => 'text',
  1 => 'user',
) ]
[ info ] [ LOG ] INIT File
[ sql ] [ DB ] CONNECT:[ UseTime:0.001575s ] mysql:host=127.0.0.1;dbname=blog;charset=utf8
[ sql ] [ SQL ] SHOW COLUMNS FROM `blog_user` [ RunTime:0.001626s ]
[ sql ] [ SQL ] SELECT * FROM `blog_user` [ RunTime:0.000921s ]
[ sql ] [ SQL ] SHOW COLUMNS FROM `blog_message` [ RunTime:0.001495s ]
[ sql ] [ SQL ] SELECT * FROM `blog_message` ORDER BY `create_time` [ RunTime:0.001051s ]
---------------------------------------------------------------
[ 2017-11-18T18:52:38+08:00 ] 0.0.0.0 ::1 GET /home
[ info ] localhost/home [运行时间：0.038978s][吞吐率：25.66req/s] [内存消耗：3,056.87kb] [文件加载：54]
[ info ] [ LANG ] E:\test\blog\thinkphp\lang\zh-cn.php
[ info ] [ ROUTE ] array (
  'type' => 'module',
  'module' => 
  array (
    0 => 'home',
    1 => 'Index',
    2 => 'index',
  ),
  'convert' => false,
)
[ info ] [ HEADER ] array (
  'host' => 'localhost',
  'connection' => 'keep-alive',
  'upgrade-insecure-requests' => '1',
  'user-agent' => 'Mozilla/5.0 (Windows NT 10.0; Win64; x64) AppleWebKit/537.36 (KHTML, like Gecko) Chrome/61.0.3163.100 Safari/537.36',
  'accept' => 'text/html,application/xhtml+xml,application/xml;q=0.9,image/webp,image/apng,*/*;q=0.8',
  'dnt' => '1',
  'referer' => 'http://localhost/admin_message_top',
  'accept-encoding' => 'gzip, deflate, br',
  'accept-language' => 'zh-CN,zh;q=0.8',
  'cookie' => 'pgv_pvi=5444240384; Phpstorm-19bd4bd9=4f7722b3-e665-4954-a188-10483335f4ff; BJYSESSION=eou7fcavugt56mrk62lvrf6u04; PHPSESSID=bn14m83i8iuptuo5uq0u2ival5; read=think%3A%7B%2217%22%3A%221510451420%22%7D',
)
[ info ] [ PARAM ] array (
)
[ info ] [ RUN ] app\home\Controller\IndexController->index[ E:\test\blog\application\home\controller\IndexController.php ]
[ info ] [ SESSION ] INIT array (
  'id' => '',
  'var_session_id' => '',
  'prefix' => 'blog_',
  'type' => '',
  'auto_start' => true,
  'expire' => 1296000,
  'use_trans_sid' => 1,
)
[ info ] [ DB ] INIT mysql
[ info ] [ VIEW ] E:\test\blog\public/../application/home\view\index\index.html [ array (
  0 => 'user',
  1 => 'text',
) ]
[ info ] [ LOG ] INIT File
[ sql ] [ DB ] CONNECT:[ UseTime:0.001629s ] mysql:host=127.0.0.1;dbname=blog;charset=utf8
[ sql ] [ SQL ] SHOW COLUMNS FROM `blog_user` [ RunTime:0.001458s ]
[ sql ] [ SQL ] SELECT * FROM `blog_user` WHERE  `uid` = 10024 LIMIT 1 [ RunTime:0.000883s ]
---------------------------------------------------------------
[ 2017-11-18T18:52:39+08:00 ] 0.0.0.0 ::1 GET /forum
[ info ] localhost/forum [运行时间：0.047543s][吞吐率：21.03req/s] [内存消耗：3,201.13kb] [文件加载：56]
[ info ] [ LANG ] E:\test\blog\thinkphp\lang\zh-cn.php
[ info ] [ ROUTE ] array (
  'type' => 'module',
  'module' => 
  array (
    0 => 'home',
    1 => 'Index',
    2 => 'forum',
  ),
  'convert' => false,
)
[ info ] [ HEADER ] array (
  'host' => 'localhost',
  'connection' => 'keep-alive',
  'upgrade-insecure-requests' => '1',
  'user-agent' => 'Mozilla/5.0 (Windows NT 10.0; Win64; x64) AppleWebKit/537.36 (KHTML, like Gecko) Chrome/61.0.3163.100 Safari/537.36',
  'accept' => 'text/html,application/xhtml+xml,application/xml;q=0.9,image/webp,image/apng,*/*;q=0.8',
  'dnt' => '1',
  'referer' => 'http://localhost/home',
  'accept-encoding' => 'gzip, deflate, br',
  'accept-language' => 'zh-CN,zh;q=0.8',
  'cookie' => 'pgv_pvi=5444240384; Phpstorm-19bd4bd9=4f7722b3-e665-4954-a188-10483335f4ff; BJYSESSION=eou7fcavugt56mrk62lvrf6u04; PHPSESSID=bn14m83i8iuptuo5uq0u2ival5; read=think%3A%7B%2217%22%3A%221510451420%22%7D',
)
[ info ] [ PARAM ] array (
)
[ info ] [ RUN ] app\home\Controller\IndexController->forum[ E:\test\blog\application\home\controller\IndexController.php ]
[ info ] [ DB ] INIT mysql
[ info ] [ VIEW ] E:\test\blog\public/../application/home\view\index\forum.html [ array (
  0 => 'text',
  1 => 'user',
  2 => 'comment',
) ]
[ info ] [ LOG ] INIT File
[ sql ] [ DB ] CONNECT:[ UseTime:0.001729s ] mysql:host=127.0.0.1;dbname=blog;charset=utf8
[ sql ] [ SQL ] SHOW COLUMNS FROM `blog_comment` [ RunTime:0.001660s ]
[ sql ] [ SQL ] SELECT * FROM `blog_comment` WHERE  `is_show` = 1 ORDER BY `create_time` [ RunTime:0.000881s ]
[ sql ] [ SQL ] SHOW COLUMNS FROM `blog_user` [ RunTime:0.001142s ]
[ sql ] [ SQL ] SELECT * FROM `blog_user` [ RunTime:0.000791s ]
[ sql ] [ SQL ] SHOW COLUMNS FROM `blog_message` [ RunTime:0.001432s ]
[ sql ] [ SQL ] SELECT * FROM `blog_message` WHERE  `is_show` <> 0 ORDER BY `create_time`  desc [ RunTime:0.000937s ]
---------------------------------------------------------------
[ 2017-11-18T18:52:42+08:00 ] 0.0.0.0 ::1 GET /logout
[ info ] localhost/logout [运行时间：0.023951s][吞吐率：41.75req/s] [内存消耗：1,909.27kb] [文件加载：46]
[ info ] [ LANG ] E:\test\blog\thinkphp\lang\zh-cn.php
[ info ] [ ROUTE ] array (
  'type' => 'module',
  'module' => 
  array (
    0 => 'home',
    1 => 'Index',
    2 => 'logout',
  ),
  'convert' => false,
)
[ info ] [ HEADER ] array (
  'host' => 'localhost',
  'connection' => 'keep-alive',
  'upgrade-insecure-requests' => '1',
  'user-agent' => 'Mozilla/5.0 (Windows NT 10.0; Win64; x64) AppleWebKit/537.36 (KHTML, like Gecko) Chrome/61.0.3163.100 Safari/537.36',
  'accept' => 'text/html,application/xhtml+xml,application/xml;q=0.9,image/webp,image/apng,*/*;q=0.8',
  'dnt' => '1',
  'referer' => 'http://localhost/forum',
  'accept-encoding' => 'gzip, deflate, br',
  'accept-language' => 'zh-CN,zh;q=0.8',
  'cookie' => 'pgv_pvi=5444240384; Phpstorm-19bd4bd9=4f7722b3-e665-4954-a188-10483335f4ff; BJYSESSION=eou7fcavugt56mrk62lvrf6u04; PHPSESSID=bn14m83i8iuptuo5uq0u2ival5; read=think%3A%7B%2217%22%3A%221510451420%22%7D',
)
[ info ] [ PARAM ] array (
)
[ info ] [ RUN ] app\home\Controller\IndexController->logout[ E:\test\blog\application\home\controller\IndexController.php ]
[ info ] [ SESSION ] INIT array (
  'id' => '',
  'var_session_id' => '',
  'prefix' => 'blog_',
  'type' => '',
  'auto_start' => true,
  'expire' => 1296000,
  'use_trans_sid' => 1,
)
[ info ] [ VIEW ] E:\test\blog\thinkphp\tpl\dispatch_jump.tpl [ array (
  0 => 'code',
  1 => 'msg',
  2 => 'data',
  3 => 'url',
  4 => 'wait',
) ]
[ info ] [ LOG ] INIT File
---------------------------------------------------------------
[ 2017-11-18T18:52:43+08:00 ] 0.0.0.0 ::1 GET /index
[ info ] localhost/index [运行时间：0.026946s][吞吐率：37.11req/s] [内存消耗：1,886.50kb] [文件加载：45]
[ info ] [ LANG ] E:\test\blog\thinkphp\lang\zh-cn.php
[ info ] [ ROUTE ] array (
  'type' => 'module',
  'module' => 
  array (
    0 => 'index',
    1 => NULL,
    2 => NULL,
  ),
)
[ info ] [ HEADER ] array (
  'host' => 'localhost',
  'connection' => 'keep-alive',
  'upgrade-insecure-requests' => '1',
  'user-agent' => 'Mozilla/5.0 (Windows NT 10.0; Win64; x64) AppleWebKit/537.36 (KHTML, like Gecko) Chrome/61.0.3163.100 Safari/537.36',
  'accept' => 'text/html,application/xhtml+xml,application/xml;q=0.9,image/webp,image/apng,*/*;q=0.8',
  'dnt' => '1',
  'referer' => 'http://localhost/logout',
  'accept-encoding' => 'gzip, deflate, br',
  'accept-language' => 'zh-CN,zh;q=0.8',
  'cookie' => 'pgv_pvi=5444240384; Phpstorm-19bd4bd9=4f7722b3-e665-4954-a188-10483335f4ff; BJYSESSION=eou7fcavugt56mrk62lvrf6u04; PHPSESSID=bn14m83i8iuptuo5uq0u2ival5; read=think%3A%7B%2217%22%3A%221510451420%22%7D',
)
[ info ] [ PARAM ] array (
)
[ info ] [ RUN ] app\index\controller\IndexController->index[ E:\test\blog\application\index\controller\IndexController.php ]
[ info ] [ SESSION ] INIT array (
  'id' => '',
  'var_session_id' => '',
  'prefix' => 'blog_',
  'type' => '',
  'auto_start' => true,
  'expire' => 1296000,
  'use_trans_sid' => 1,
)
[ info ] [ VIEW ] E:\test\blog\public/../application/index\view\Index\index.html [ array (
) ]
[ info ] [ LOG ] INIT File
---------------------------------------------------------------
[ 2017-11-18T18:52:50+08:00 ] 0.0.0.0 ::1 GET /index
[ info ] localhost/index [运行时间：0.024453s][吞吐率：40.89req/s] [内存消耗：1,886.51kb] [文件加载：45]
[ info ] [ LANG ] E:\test\blog\thinkphp\lang\zh-cn.php
[ info ] [ ROUTE ] array (
  'type' => 'module',
  'module' => 
  array (
    0 => 'index',
    1 => NULL,
    2 => NULL,
  ),
)
[ info ] [ HEADER ] array (
  'host' => 'localhost',
  'connection' => 'keep-alive',
  'upgrade-insecure-requests' => '1',
  'user-agent' => 'Mozilla/5.0 (Windows NT 10.0; Win64; x64) AppleWebKit/537.36 (KHTML, like Gecko) Chrome/61.0.3163.100 Safari/537.36',
  'accept' => 'text/html,application/xhtml+xml,application/xml;q=0.9,image/webp,image/apng,*/*;q=0.8',
  'dnt' => '1',
  'referer' => 'http://localhost/rank/music',
  'accept-encoding' => 'gzip, deflate, br',
  'accept-language' => 'zh-CN,zh;q=0.8',
  'cookie' => 'pgv_pvi=5444240384; Phpstorm-19bd4bd9=4f7722b3-e665-4954-a188-10483335f4ff; BJYSESSION=eou7fcavugt56mrk62lvrf6u04; PHPSESSID=bn14m83i8iuptuo5uq0u2ival5; read=think%3A%7B%2217%22%3A%221510451420%22%7D',
)
[ info ] [ PARAM ] array (
)
[ info ] [ RUN ] app\index\controller\IndexController->index[ E:\test\blog\application\index\controller\IndexController.php ]
[ info ] [ SESSION ] INIT array (
  'id' => '',
  'var_session_id' => '',
  'prefix' => 'blog_',
  'type' => '',
  'auto_start' => true,
  'expire' => 1296000,
  'use_trans_sid' => 1,
)
[ info ] [ VIEW ] E:\test\blog\public/../application/index\view\Index\index.html [ array (
) ]
[ info ] [ LOG ] INIT File
